<?xml version="1.0" encoding="UTF-8"?>
<testsuite name="io.spring.application.article.ArticleQueryServiceTest" tests="9" skipped="0" failures="0" errors="0" timestamp="2021-08-18T14:17:33" hostname="nixskillup" time="1.105">
  <properties/>
  <testcase name="should_query_article_by_author" classname="io.spring.application.article.ArticleQueryServiceTest" time="0.455"/>
  <testcase name="should_query_article_by_tag" classname="io.spring.application.article.ArticleQueryServiceTest" time="0.13"/>
  <testcase name="should_get_user_feed" classname="io.spring.application.article.ArticleQueryServiceTest" time="0.079"/>
  <testcase name="should_get_article_with_right_favorite_and_favorite_count" classname="io.spring.application.article.ArticleQueryServiceTest" time="0.062"/>
  <testcase name="should_fetch_article_success" classname="io.spring.application.article.ArticleQueryServiceTest" time="0.047"/>
  <testcase name="should_get_default_article_list" classname="io.spring.application.article.ArticleQueryServiceTest" time="0.095"/>
  <testcase name="should_show_following_if_user_followed_author" classname="io.spring.application.article.ArticleQueryServiceTest" time="0.051"/>
  <testcase name="should_query_article_by_favorite" classname="io.spring.application.article.ArticleQueryServiceTest" time="0.065"/>
  <testcase name="should_get_default_article_list_by_cursor" classname="io.spring.application.article.ArticleQueryServiceTest" time="0.104"/>
  <system-out><![CDATA[
  .   ____          _            __ _ _
 /\\ / ___'_ __ _ _(_)_ __  __ _ \ \ \ \
( ( )\___ | '_ | '_| | '_ \/ _` | \ \ \ \
 \\/  ___)| |_)| | | | | || (_| |  ) ) ) )
  '  |____| .__|_| |_|_| |_\__, | / / / /
 =========|_|==============|___/=/_/_/_/
 :: Spring Boot ::                (v2.4.3)

2021-08-18 14:17:32.138  INFO 12351 --- [    Test worker] i.s.a.article.ArticleQueryServiceTest    : Starting ArticleQueryServiceTest using Java 11.0.11 on nixskillup with PID 12351 (started by root in /repo/test/spring-boot-realworld-example-app)
2021-08-18 14:17:32.138  INFO 12351 --- [    Test worker] i.s.a.article.ArticleQueryServiceTest    : The following profiles are active: test
2021-08-18 14:17:33.091  INFO 12351 --- [    Test worker] o.f.c.internal.license.VersionPrinter    : Flyway Community Edition 7.1.1 by Redgate
2021-08-18 14:17:33.103  INFO 12351 --- [    Test worker] com.zaxxer.hikari.HikariDataSource       : HikariPool-2 - Starting...
2021-08-18 14:17:33.104  INFO 12351 --- [    Test worker] com.zaxxer.hikari.HikariDataSource       : HikariPool-2 - Start completed.
2021-08-18 14:17:33.105  INFO 12351 --- [    Test worker] o.f.c.i.database.base.DatabaseType       : Database: jdbc:sqlite::memory: (SQLite 3.34)
2021-08-18 14:17:33.109  INFO 12351 --- [    Test worker] o.f.core.internal.command.DbValidate     : Successfully validated 1 migration (execution time 00:00.002s)
2021-08-18 14:17:33.111  INFO 12351 --- [    Test worker] o.f.c.i.s.JdbcTableSchemaHistory         : Creating Schema History table "main"."flyway_schema_history" ...
2021-08-18 14:17:33.141  INFO 12351 --- [    Test worker] o.f.core.internal.command.DbMigrate      : Current version of schema "main": << Empty Schema >>
2021-08-18 14:17:33.165  INFO 12351 --- [    Test worker] o.f.core.internal.command.DbMigrate      : Migrating schema "main" to version "1 - create tables"
2021-08-18 14:17:33.172  INFO 12351 --- [    Test worker] o.f.core.internal.command.DbMigrate      : Successfully applied 1 migration to schema "main" (execution time 00:00.031s)
2021-08-18 14:17:33.280  INFO 12351 --- [    Test worker] i.s.a.article.ArticleQueryServiceTest    : Started ArticleQueryServiceTest in 1.195 seconds (JVM running for 42.054)
2021-08-18 14:17:33.327  INFO 12351 --- [    Test worker] o.s.t.c.transaction.TransactionContext   : Began transaction (1) for test context [DefaultTestContext@4cf33b9a testClass = ArticleQueryServiceTest, testInstance = io.spring.application.article.ArticleQueryServiceTest@3a7196f0, testMethod = should_query_article_by_author@ArticleQueryServiceTest, testException = [null], mergedContextConfiguration = [MergedContextConfiguration@38a593a2 testClass = ArticleQueryServiceTest, locations = '{}', classes = '{class io.spring.RealworldApplication}', contextInitializerClasses = '[]', activeProfiles = '{test}', propertySourceLocations = '{}', propertySourceProperties = '{org.mybatis.spring.boot.test.autoconfigure.MybatisTestContextBootstrapper=true}', contextCustomizers = set[org.springframework.boot.test.autoconfigure.OverrideAutoConfigurationContextCustomizerFactory$DisableAutoConfigurationContextCustomizer@5cddefa3, org.springframework.boot.test.autoconfigure.actuate.metrics.MetricsExportContextCustomizerFactory$DisableMetricExportContextCustomizer@6d6d6a43, org.springframework.boot.test.autoconfigure.filter.TypeExcludeFiltersContextCustomizer@351584c0, org.springframework.boot.test.autoconfigure.properties.PropertyMappingContextCustomizer@99f60a7d, org.springframework.boot.test.autoconfigure.web.servlet.WebDriverContextCustomizerFactory$Customizer@36698e22, [ImportsContextCustomizer@48095826 key = [org.springframework.boot.test.autoconfigure.jdbc.TestDatabaseAutoConfiguration, org.springframework.boot.autoconfigure.jdbc.DataSourceAutoConfiguration, org.springframework.boot.autoconfigure.cache.CacheAutoConfiguration, org.springframework.boot.autoconfigure.flyway.FlywayAutoConfiguration, org.springframework.boot.autoconfigure.jdbc.DataSourceTransactionManagerAutoConfiguration, org.springframework.boot.autoconfigure.jdbc.JdbcTemplateAutoConfiguration, org.springframework.boot.autoconfigure.liquibase.LiquibaseAutoConfiguration, org.springframework.boot.autoconfigure.transaction.TransactionAutoConfiguration, org.mybatis.spring.boot.autoconfigure.MybatisLanguageDriverAutoConfiguration, org.mybatis.spring.boot.autoconfigure.MybatisAutoConfiguration, io.spring.application.ArticleQueryService, io.spring.infrastructure.repository.MyBatisUserRepository, io.spring.infrastructure.repository.MyBatisArticleRepository, io.spring.infrastructure.repository.MyBatisArticleFavoriteRepository]], org.springframework.boot.test.context.filter.ExcludeFilterContextCustomizer@5f9e60cd, org.springframework.boot.test.json.DuplicateJsonObjectContextCustomizerFactory$DuplicateJsonObjectContextCustomizer@4a39fd90, org.springframework.boot.test.mock.mockito.MockitoContextCustomizer@0, org.springframework.boot.test.context.SpringBootTestArgs@1, org.springframework.boot.test.context.SpringBootTestWebEnvironment@0], contextLoader = 'org.springframework.boot.test.context.SpringBootContextLoader', parent = [null]], attributes = map['org.springframework.test.context.event.ApplicationEventsTestExecutionListener.recordApplicationEvents' -> false]]; transaction manager [org.springframework.jdbc.support.JdbcTransactionManager@edadbe2]; rollback [true]
2021-08-18 14:17:33.379 DEBUG 12351 --- [    Test worker] i.s.i.m.mapper.UserMapper.findById       : ==>  Preparing: select id, username, email, password, bio, image from users where id = ?
2021-08-18 14:17:33.419 DEBUG 12351 --- [    Test worker] i.s.i.m.mapper.UserMapper.findById       : ==> Parameters: 9db0658e-efac-4466-853f-c5997207f597(String)
2021-08-18 14:17:33.479 DEBUG 12351 --- [    Test worker] i.s.i.mybatis.mapper.UserMapper.insert   : ==>  Preparing: insert into users (id, username, email, password, bio, image) values( ?, ?, ?, ?, ?, ? )
2021-08-18 14:17:33.505 DEBUG 12351 --- [    Test worker] i.s.i.mybatis.mapper.UserMapper.insert   : ==> Parameters: 9db0658e-efac-4466-853f-c5997207f597(String), aisensiy(String), aisensiy@gmail.com(String), 123(String), (String), (String)
2021-08-18 14:17:33.505 DEBUG 12351 --- [    Test worker] i.s.i.mybatis.mapper.UserMapper.insert   : <==    Updates: 1
2021-08-18 14:17:33.518 DEBUG 12351 --- [    Test worker] i.s.i.m.mapper.ArticleMapper.findById    : ==>  Preparing: select A.id articleId, A.slug articleSlug, A.title articleTitle, A.description articleDescription, A.body articleBody, A.user_id articleUserId, A.created_at articleCreatedAt, A.updated_at articleUpdatedAt, T.id tagId, T.name tagName from articles A left join article_tags AT on A.id = AT.article_id left join tags T on T.id = AT.tag_id where A.id = ?
2021-08-18 14:17:33.524 DEBUG 12351 --- [    Test worker] i.s.i.m.mapper.ArticleMapper.findById    : ==> Parameters: 9dc1a7d4-f940-46be-b1d8-ef684f26f043(String)
2021-08-18 14:17:33.527 DEBUG 12351 --- [    Test worker] i.s.i.m.mapper.ArticleMapper.findTag     : ==>  Preparing: select id, name from tags where name = ?
2021-08-18 14:17:33.531 DEBUG 12351 --- [    Test worker] i.s.i.m.mapper.ArticleMapper.findTag     : ==> Parameters: spring(String)
2021-08-18 14:17:33.533 DEBUG 12351 --- [    Test worker] i.s.i.m.mapper.ArticleMapper.insertTag   : ==>  Preparing: insert into tags (id, name) values (?, ?)
2021-08-18 14:17:33.544 DEBUG 12351 --- [    Test worker] i.s.i.m.mapper.ArticleMapper.insertTag   : ==> Parameters: c342593b-1fdc-4e91-86d4-16b1217dff99(String), spring(String)
2021-08-18 14:17:33.548 DEBUG 12351 --- [    Test worker] i.s.i.m.mapper.ArticleMapper.insertTag   : <==    Updates: 1
2021-08-18 14:17:33.549 DEBUG 12351 --- [    Test worker] i.s.i.m.m.A.insertArticleTagRelation     : ==>  Preparing: insert into article_tags (article_id, tag_id) values(?, ?)
2021-08-18 14:17:33.549 DEBUG 12351 --- [    Test worker] i.s.i.m.m.A.insertArticleTagRelation     : ==> Parameters: 9dc1a7d4-f940-46be-b1d8-ef684f26f043(String), c342593b-1fdc-4e91-86d4-16b1217dff99(String)
2021-08-18 14:17:33.549 DEBUG 12351 --- [    Test worker] i.s.i.m.m.A.insertArticleTagRelation     : <==    Updates: 1
2021-08-18 14:17:33.550 DEBUG 12351 --- [    Test worker] i.s.i.m.mapper.ArticleMapper.findTag     : ==>  Preparing: select id, name from tags where name = ?
2021-08-18 14:17:33.551 DEBUG 12351 --- [    Test worker] i.s.i.m.mapper.ArticleMapper.findTag     : ==> Parameters: java(String)
2021-08-18 14:17:33.552 DEBUG 12351 --- [    Test worker] i.s.i.m.mapper.ArticleMapper.insertTag   : ==>  Preparing: insert into tags (id, name) values (?, ?)
2021-08-18 14:17:33.560 DEBUG 12351 --- [    Test worker] i.s.i.m.mapper.ArticleMapper.insertTag   : ==> Parameters: 7450bb19-7005-43a9-b34f-f49cd6890a3b(String), java(String)
2021-08-18 14:17:33.560 DEBUG 12351 --- [    Test worker] i.s.i.m.mapper.ArticleMapper.insertTag   : <==    Updates: 1
2021-08-18 14:17:33.560 DEBUG 12351 --- [    Test worker] i.s.i.m.m.A.insertArticleTagRelation     : ==>  Preparing: insert into article_tags (article_id, tag_id) values(?, ?)
2021-08-18 14:17:33.561 DEBUG 12351 --- [    Test worker] i.s.i.m.m.A.insertArticleTagRelation     : ==> Parameters: 9dc1a7d4-f940-46be-b1d8-ef684f26f043(String), 7450bb19-7005-43a9-b34f-f49cd6890a3b(String)
2021-08-18 14:17:33.561 DEBUG 12351 --- [    Test worker] i.s.i.m.m.A.insertArticleTagRelation     : <==    Updates: 1
2021-08-18 14:17:33.561 DEBUG 12351 --- [    Test worker] i.s.i.m.mapper.ArticleMapper.insert      : ==>  Preparing: insert into articles(id, slug, title, description, body, user_id, created_at, updated_at) values( ?, ?, ?, ?, ?, ?, ?, ?)
2021-08-18 14:17:33.563 DEBUG 12351 --- [    Test worker] i.s.i.m.mapper.ArticleMapper.insert      : ==> Parameters: 9dc1a7d4-f940-46be-b1d8-ef684f26f043(String), test(String), test(String), desc(String), body(String), 9db0658e-efac-4466-853f-c5997207f597(String), 2021-08-18 14:17:33.506(Timestamp), 2021-08-18 14:17:33.506(Timestamp)
2021-08-18 14:17:33.563 DEBUG 12351 --- [    Test worker] i.s.i.m.mapper.ArticleMapper.insert      : <==    Updates: 1
2021-08-18 14:17:33.564 DEBUG 12351 --- [    Test worker] i.s.i.m.mapper.UserMapper.findById       : ==>  Preparing: select id, username, email, password, bio, image from users where id = ?
2021-08-18 14:17:33.565 DEBUG 12351 --- [    Test worker] i.s.i.m.mapper.UserMapper.findById       : ==> Parameters: 57fa857a-028c-4719-8148-2a17bd6bcc19(String)
2021-08-18 14:17:33.566 DEBUG 12351 --- [    Test worker] i.s.i.mybatis.mapper.UserMapper.insert   : ==>  Preparing: insert into users (id, username, email, password, bio, image) values( ?, ?, ?, ?, ?, ? )
2021-08-18 14:17:33.567 DEBUG 12351 --- [    Test worker] i.s.i.mybatis.mapper.UserMapper.insert   : ==> Parameters: 57fa857a-028c-4719-8148-2a17bd6bcc19(String), other(String), other@email.com(String), 123(String), (String), (String)
2021-08-18 14:17:33.579 DEBUG 12351 --- [    Test worker] i.s.i.mybatis.mapper.UserMapper.insert   : <==    Updates: 1
2021-08-18 14:17:33.581 DEBUG 12351 --- [    Test worker] i.s.i.m.mapper.ArticleMapper.findById    : ==>  Preparing: select A.id articleId, A.slug articleSlug, A.title articleTitle, A.description articleDescription, A.body articleBody, A.user_id articleUserId, A.created_at articleCreatedAt, A.updated_at articleUpdatedAt, T.id tagId, T.name tagName from articles A left join article_tags AT on A.id = AT.article_id left join tags T on T.id = AT.tag_id where A.id = ?
2021-08-18 14:17:33.581 DEBUG 12351 --- [    Test worker] i.s.i.m.mapper.ArticleMapper.findById    : ==> Parameters: 9cc9820e-ec7d-4ef5-9f5c-e61b697124c7(String)
2021-08-18 14:17:33.588 DEBUG 12351 --- [    Test worker] i.s.i.m.mapper.ArticleMapper.findTag     : ==>  Preparing: select id, name from tags where name = ?
2021-08-18 14:17:33.589 DEBUG 12351 --- [    Test worker] i.s.i.m.mapper.ArticleMapper.findTag     : ==> Parameters: test(String)
2021-08-18 14:17:33.595 DEBUG 12351 --- [    Test worker] i.s.i.m.mapper.ArticleMapper.insertTag   : ==>  Preparing: insert into tags (id, name) values (?, ?)
2021-08-18 14:17:33.596 DEBUG 12351 --- [    Test worker] i.s.i.m.mapper.ArticleMapper.insertTag   : ==> Parameters: bd5225cd-d602-4691-a0df-dc6fe32ff695(String), test(String)
2021-08-18 14:17:33.596 DEBUG 12351 --- [    Test worker] i.s.i.m.mapper.ArticleMapper.insertTag   : <==    Updates: 1
2021-08-18 14:17:33.596 DEBUG 12351 --- [    Test worker] i.s.i.m.m.A.insertArticleTagRelation     : ==>  Preparing: insert into article_tags (article_id, tag_id) values(?, ?)
2021-08-18 14:17:33.597 DEBUG 12351 --- [    Test worker] i.s.i.m.m.A.insertArticleTagRelation     : ==> Parameters: 9cc9820e-ec7d-4ef5-9f5c-e61b697124c7(String), bd5225cd-d602-4691-a0df-dc6fe32ff695(String)
2021-08-18 14:17:33.598 DEBUG 12351 --- [    Test worker] i.s.i.m.m.A.insertArticleTagRelation     : <==    Updates: 1
2021-08-18 14:17:33.598 DEBUG 12351 --- [    Test worker] i.s.i.m.mapper.ArticleMapper.insert      : ==>  Preparing: insert into articles(id, slug, title, description, body, user_id, created_at, updated_at) values( ?, ?, ?, ?, ?, ?, ?, ?)
2021-08-18 14:17:33.599 DEBUG 12351 --- [    Test worker] i.s.i.m.mapper.ArticleMapper.insert      : ==> Parameters: 9cc9820e-ec7d-4ef5-9f5c-e61b697124c7(String), new-article(String), new article(String), desc(String), body(String), 57fa857a-028c-4719-8148-2a17bd6bcc19(String), 2021-08-18 14:17:33.58(Timestamp), 2021-08-18 14:17:33.58(Timestamp)
2021-08-18 14:17:33.600 DEBUG 12351 --- [    Test worker] i.s.i.m.mapper.ArticleMapper.insert      : <==    Updates: 1
2021-08-18 14:17:33.678 DEBUG 12351 --- [    Test worker] i.s.i.m.r.A.queryArticles                : ==>  Preparing: select DISTINCT(A.id) articleId, A.created_at from articles A left join article_tags AT on A.id = AT.article_id left join tags T on T.id = AT.tag_id left join article_favorites AF on AF.article_id = A.id left join users AU on AU.id = A.user_id left join users AFU on AFU.id = AF.user_id WHERE AU.username = ? order by A.created_at desc limit ?, ?
2021-08-18 14:17:33.679 DEBUG 12351 --- [    Test worker] i.s.i.m.r.A.queryArticles                : ==> Parameters: aisensiy(String), 0(Integer), 20(Integer)
2021-08-18 14:17:33.681 DEBUG 12351 --- [    Test worker] i.s.i.m.r.A.queryArticles                : <==      Total: 1
2021-08-18 14:17:33.682 DEBUG 12351 --- [    Test worker] i.s.i.m.r.A.countArticle                 : ==>  Preparing: select count(DISTINCT A.id) from articles A left join article_tags AT on A.id = AT.article_id left join tags T on T.id = AT.tag_id left join article_favorites AF on AF.article_id = A.id left join users AU on AU.id = A.user_id left join users AFU on AFU.id = AF.user_id WHERE AU.username = ?
2021-08-18 14:17:33.683 DEBUG 12351 --- [    Test worker] i.s.i.m.r.A.countArticle                 : ==> Parameters: aisensiy(String)
2021-08-18 14:17:33.689 DEBUG 12351 --- [    Test worker] i.s.i.m.r.A.countArticle                 : <==      Total: 1
2021-08-18 14:17:33.697 DEBUG 12351 --- [    Test worker] i.s.i.m.r.A.findArticles                 : ==>  Preparing: select A.id articleId, A.slug articleSlug, A.title articleTitle, A.description articleDescription, A.body articleBody, A.created_at articleCreatedAt, A.updated_at articleUpdatedAt, T.name tagName, U.id userId, U.username userUsername, U.bio userBio, U.image userImage from articles A left join article_tags AT on A.id = AT.article_id left join tags T on T.id = AT.tag_id left join users U on U.id = A.user_id where A.id in ( ? ) order by A.created_at desc
2021-08-18 14:17:33.698 DEBUG 12351 --- [    Test worker] i.s.i.m.r.A.findArticles                 : ==> Parameters: 9dc1a7d4-f940-46be-b1d8-ef684f26f043(String)
2021-08-18 14:17:33.711 DEBUG 12351 --- [    Test worker] i.s.i.m.r.A.findArticles                 : <==      Total: 2
2021-08-18 14:17:33.733  INFO 12351 --- [    Test worker] o.s.t.c.transaction.TransactionContext   : Rolled back transaction for test: [DefaultTestContext@4cf33b9a testClass = ArticleQueryServiceTest, testInstance = io.spring.application.article.ArticleQueryServiceTest@3a7196f0, testMethod = should_query_article_by_author@ArticleQueryServiceTest, testException = [null], mergedContextConfiguration = [MergedContextConfiguration@38a593a2 testClass = ArticleQueryServiceTest, locations = '{}', classes = '{class io.spring.RealworldApplication}', contextInitializerClasses = '[]', activeProfiles = '{test}', propertySourceLocations = '{}', propertySourceProperties = '{org.mybatis.spring.boot.test.autoconfigure.MybatisTestContextBootstrapper=true}', contextCustomizers = set[org.springframework.boot.test.autoconfigure.OverrideAutoConfigurationContextCustomizerFactory$DisableAutoConfigurationContextCustomizer@5cddefa3, org.springframework.boot.test.autoconfigure.actuate.metrics.MetricsExportContextCustomizerFactory$DisableMetricExportContextCustomizer@6d6d6a43, org.springframework.boot.test.autoconfigure.filter.TypeExcludeFiltersContextCustomizer@351584c0, org.springframework.boot.test.autoconfigure.properties.PropertyMappingContextCustomizer@99f60a7d, org.springframework.boot.test.autoconfigure.web.servlet.WebDriverContextCustomizerFactory$Customizer@36698e22, [ImportsContextCustomizer@48095826 key = [org.springframework.boot.test.autoconfigure.jdbc.TestDatabaseAutoConfiguration, org.springframework.boot.autoconfigure.jdbc.DataSourceAutoConfiguration, org.springframework.boot.autoconfigure.cache.CacheAutoConfiguration, org.springframework.boot.autoconfigure.flyway.FlywayAutoConfiguration, org.springframework.boot.autoconfigure.jdbc.DataSourceTransactionManagerAutoConfiguration, org.springframework.boot.autoconfigure.jdbc.JdbcTemplateAutoConfiguration, org.springframework.boot.autoconfigure.liquibase.LiquibaseAutoConfiguration, org.springframework.boot.autoconfigure.transaction.TransactionAutoConfiguration, org.mybatis.spring.boot.autoconfigure.MybatisLanguageDriverAutoConfiguration, org.mybatis.spring.boot.autoconfigure.MybatisAutoConfiguration, io.spring.application.ArticleQueryService, io.spring.infrastructure.repository.MyBatisUserRepository, io.spring.infrastructure.repository.MyBatisArticleRepository, io.spring.infrastructure.repository.MyBatisArticleFavoriteRepository]], org.springframework.boot.test.context.filter.ExcludeFilterContextCustomizer@5f9e60cd, org.springframework.boot.test.json.DuplicateJsonObjectContextCustomizerFactory$DuplicateJsonObjectContextCustomizer@4a39fd90, org.springframework.boot.test.mock.mockito.MockitoContextCustomizer@0, org.springframework.boot.test.context.SpringBootTestArgs@1, org.springframework.boot.test.context.SpringBootTestWebEnvironment@0], contextLoader = 'org.springframework.boot.test.context.SpringBootContextLoader', parent = [null]], attributes = map['org.springframework.test.context.event.ApplicationEventsTestExecutionListener.recordApplicationEvents' -> false]]
2021-08-18 14:17:33.747  INFO 12351 --- [    Test worker] o.s.t.c.transaction.TransactionContext   : Began transaction (1) for test context [DefaultTestContext@4cf33b9a testClass = ArticleQueryServiceTest, testInstance = io.spring.application.article.ArticleQueryServiceTest@69b32deb, testMethod = should_query_article_by_tag@ArticleQueryServiceTest, testException = [null], mergedContextConfiguration = [MergedContextConfiguration@38a593a2 testClass = ArticleQueryServiceTest, locations = '{}', classes = '{class io.spring.RealworldApplication}', contextInitializerClasses = '[]', activeProfiles = '{test}', propertySourceLocations = '{}', propertySourceProperties = '{org.mybatis.spring.boot.test.autoconfigure.MybatisTestContextBootstrapper=true}', contextCustomizers = set[org.springframework.boot.test.autoconfigure.OverrideAutoConfigurationContextCustomizerFactory$DisableAutoConfigurationContextCustomizer@5cddefa3, org.springframework.boot.test.autoconfigure.actuate.metrics.MetricsExportContextCustomizerFactory$DisableMetricExportContextCustomizer@6d6d6a43, org.springframework.boot.test.autoconfigure.filter.TypeExcludeFiltersContextCustomizer@351584c0, org.springframework.boot.test.autoconfigure.properties.PropertyMappingContextCustomizer@99f60a7d, org.springframework.boot.test.autoconfigure.web.servlet.WebDriverContextCustomizerFactory$Customizer@36698e22, [ImportsContextCustomizer@48095826 key = [org.springframework.boot.test.autoconfigure.jdbc.TestDatabaseAutoConfiguration, org.springframework.boot.autoconfigure.jdbc.DataSourceAutoConfiguration, org.springframework.boot.autoconfigure.cache.CacheAutoConfiguration, org.springframework.boot.autoconfigure.flyway.FlywayAutoConfiguration, org.springframework.boot.autoconfigure.jdbc.DataSourceTransactionManagerAutoConfiguration, org.springframework.boot.autoconfigure.jdbc.JdbcTemplateAutoConfiguration, org.springframework.boot.autoconfigure.liquibase.LiquibaseAutoConfiguration, org.springframework.boot.autoconfigure.transaction.TransactionAutoConfiguration, org.mybatis.spring.boot.autoconfigure.MybatisLanguageDriverAutoConfiguration, org.mybatis.spring.boot.autoconfigure.MybatisAutoConfiguration, io.spring.application.ArticleQueryService, io.spring.infrastructure.repository.MyBatisUserRepository, io.spring.infrastructure.repository.MyBatisArticleRepository, io.spring.infrastructure.repository.MyBatisArticleFavoriteRepository]], org.springframework.boot.test.context.filter.ExcludeFilterContextCustomizer@5f9e60cd, org.springframework.boot.test.json.DuplicateJsonObjectContextCustomizerFactory$DuplicateJsonObjectContextCustomizer@4a39fd90, org.springframework.boot.test.mock.mockito.MockitoContextCustomizer@0, org.springframework.boot.test.context.SpringBootTestArgs@1, org.springframework.boot.test.context.SpringBootTestWebEnvironment@0], contextLoader = 'org.springframework.boot.test.context.SpringBootContextLoader', parent = [null]], attributes = map['org.springframework.test.context.event.ApplicationEventsTestExecutionListener.recordApplicationEvents' -> false]]; transaction manager [org.springframework.jdbc.support.JdbcTransactionManager@edadbe2]; rollback [true]
2021-08-18 14:17:33.748 DEBUG 12351 --- [    Test worker] i.s.i.m.mapper.UserMapper.findById       : ==>  Preparing: select id, username, email, password, bio, image from users where id = ?
2021-08-18 14:17:33.748 DEBUG 12351 --- [    Test worker] i.s.i.m.mapper.UserMapper.findById       : ==> Parameters: 77b6dd2c-740e-4018-80ef-d9c77d7c46ef(String)
2021-08-18 14:17:33.756 DEBUG 12351 --- [    Test worker] i.s.i.mybatis.mapper.UserMapper.insert   : ==>  Preparing: insert into users (id, username, email, password, bio, image) values( ?, ?, ?, ?, ?, ? )
2021-08-18 14:17:33.757 DEBUG 12351 --- [    Test worker] i.s.i.mybatis.mapper.UserMapper.insert   : ==> Parameters: 77b6dd2c-740e-4018-80ef-d9c77d7c46ef(String), aisensiy(String), aisensiy@gmail.com(String), 123(String), (String), (String)
2021-08-18 14:17:33.757 DEBUG 12351 --- [    Test worker] i.s.i.mybatis.mapper.UserMapper.insert   : <==    Updates: 1
2021-08-18 14:17:33.759 DEBUG 12351 --- [    Test worker] i.s.i.m.mapper.ArticleMapper.findById    : ==>  Preparing: select A.id articleId, A.slug articleSlug, A.title articleTitle, A.description articleDescription, A.body articleBody, A.user_id articleUserId, A.created_at articleCreatedAt, A.updated_at articleUpdatedAt, T.id tagId, T.name tagName from articles A left join article_tags AT on A.id = AT.article_id left join tags T on T.id = AT.tag_id where A.id = ?
2021-08-18 14:17:33.760 DEBUG 12351 --- [    Test worker] i.s.i.m.mapper.ArticleMapper.findById    : ==> Parameters: c6152dbd-f4bb-4441-a286-897f41bdb1f6(String)
2021-08-18 14:17:33.761 DEBUG 12351 --- [    Test worker] i.s.i.m.mapper.ArticleMapper.findTag     : ==>  Preparing: select id, name from tags where name = ?
2021-08-18 14:17:33.762 DEBUG 12351 --- [    Test worker] i.s.i.m.mapper.ArticleMapper.findTag     : ==> Parameters: spring(String)
2021-08-18 14:17:33.762 DEBUG 12351 --- [    Test worker] i.s.i.m.mapper.ArticleMapper.insertTag   : ==>  Preparing: insert into tags (id, name) values (?, ?)
2021-08-18 14:17:33.763 DEBUG 12351 --- [    Test worker] i.s.i.m.mapper.ArticleMapper.insertTag   : ==> Parameters: d3430c3d-ba17-41e0-8714-634a39cd8ede(String), spring(String)
2021-08-18 14:17:33.775 DEBUG 12351 --- [    Test worker] i.s.i.m.mapper.ArticleMapper.insertTag   : <==    Updates: 1
2021-08-18 14:17:33.776 DEBUG 12351 --- [    Test worker] i.s.i.m.m.A.insertArticleTagRelation     : ==>  Preparing: insert into article_tags (article_id, tag_id) values(?, ?)
2021-08-18 14:17:33.777 DEBUG 12351 --- [    Test worker] i.s.i.m.m.A.insertArticleTagRelation     : ==> Parameters: c6152dbd-f4bb-4441-a286-897f41bdb1f6(String), d3430c3d-ba17-41e0-8714-634a39cd8ede(String)
2021-08-18 14:17:33.777 DEBUG 12351 --- [    Test worker] i.s.i.m.m.A.insertArticleTagRelation     : <==    Updates: 1
2021-08-18 14:17:33.777 DEBUG 12351 --- [    Test worker] i.s.i.m.mapper.ArticleMapper.findTag     : ==>  Preparing: select id, name from tags where name = ?
2021-08-18 14:17:33.778 DEBUG 12351 --- [    Test worker] i.s.i.m.mapper.ArticleMapper.findTag     : ==> Parameters: java(String)
2021-08-18 14:17:33.780 DEBUG 12351 --- [    Test worker] i.s.i.m.mapper.ArticleMapper.insertTag   : ==>  Preparing: insert into tags (id, name) values (?, ?)
2021-08-18 14:17:33.784 DEBUG 12351 --- [    Test worker] i.s.i.m.mapper.ArticleMapper.insertTag   : ==> Parameters: 18c27ba6-9a80-4830-8d2b-448d27f43a24(String), java(String)
2021-08-18 14:17:33.784 DEBUG 12351 --- [    Test worker] i.s.i.m.mapper.ArticleMapper.insertTag   : <==    Updates: 1
2021-08-18 14:17:33.784 DEBUG 12351 --- [    Test worker] i.s.i.m.m.A.insertArticleTagRelation     : ==>  Preparing: insert into article_tags (article_id, tag_id) values(?, ?)
2021-08-18 14:17:33.785 DEBUG 12351 --- [    Test worker] i.s.i.m.m.A.insertArticleTagRelation     : ==> Parameters: c6152dbd-f4bb-4441-a286-897f41bdb1f6(String), 18c27ba6-9a80-4830-8d2b-448d27f43a24(String)
2021-08-18 14:17:33.785 DEBUG 12351 --- [    Test worker] i.s.i.m.m.A.insertArticleTagRelation     : <==    Updates: 1
2021-08-18 14:17:33.786 DEBUG 12351 --- [    Test worker] i.s.i.m.mapper.ArticleMapper.insert      : ==>  Preparing: insert into articles(id, slug, title, description, body, user_id, created_at, updated_at) values( ?, ?, ?, ?, ?, ?, ?, ?)
2021-08-18 14:17:33.787 DEBUG 12351 --- [    Test worker] i.s.i.m.mapper.ArticleMapper.insert      : ==> Parameters: c6152dbd-f4bb-4441-a286-897f41bdb1f6(String), test(String), test(String), desc(String), body(String), 77b6dd2c-740e-4018-80ef-d9c77d7c46ef(String), 2021-08-18 14:17:33.757(Timestamp), 2021-08-18 14:17:33.757(Timestamp)
2021-08-18 14:17:33.788 DEBUG 12351 --- [    Test worker] i.s.i.m.mapper.ArticleMapper.insert      : <==    Updates: 1
2021-08-18 14:17:33.789 DEBUG 12351 --- [    Test worker] i.s.i.m.mapper.ArticleMapper.findById    : ==>  Preparing: select A.id articleId, A.slug articleSlug, A.title articleTitle, A.description articleDescription, A.body articleBody, A.user_id articleUserId, A.created_at articleCreatedAt, A.updated_at articleUpdatedAt, T.id tagId, T.name tagName from articles A left join article_tags AT on A.id = AT.article_id left join tags T on T.id = AT.tag_id where A.id = ?
2021-08-18 14:17:33.791 DEBUG 12351 --- [    Test worker] i.s.i.m.mapper.ArticleMapper.findById    : ==> Parameters: 641763e9-60ee-4bce-b13c-7b1ec388fedd(String)
2021-08-18 14:17:33.792 DEBUG 12351 --- [    Test worker] i.s.i.m.mapper.ArticleMapper.findTag     : ==>  Preparing: select id, name from tags where name = ?
2021-08-18 14:17:33.794 DEBUG 12351 --- [    Test worker] i.s.i.m.mapper.ArticleMapper.findTag     : ==> Parameters: test(String)
2021-08-18 14:17:33.808 DEBUG 12351 --- [    Test worker] i.s.i.m.mapper.ArticleMapper.insertTag   : ==>  Preparing: insert into tags (id, name) values (?, ?)
2021-08-18 14:17:33.809 DEBUG 12351 --- [    Test worker] i.s.i.m.mapper.ArticleMapper.insertTag   : ==> Parameters: b811bc7a-f5bf-48fc-9264-e913e4d4bbfc(String), test(String)
2021-08-18 14:17:33.809 DEBUG 12351 --- [    Test worker] i.s.i.m.mapper.ArticleMapper.insertTag   : <==    Updates: 1
2021-08-18 14:17:33.810 DEBUG 12351 --- [    Test worker] i.s.i.m.m.A.insertArticleTagRelation     : ==>  Preparing: insert into article_tags (article_id, tag_id) values(?, ?)
2021-08-18 14:17:33.810 DEBUG 12351 --- [    Test worker] i.s.i.m.m.A.insertArticleTagRelation     : ==> Parameters: 641763e9-60ee-4bce-b13c-7b1ec388fedd(String), b811bc7a-f5bf-48fc-9264-e913e4d4bbfc(String)
2021-08-18 14:17:33.810 DEBUG 12351 --- [    Test worker] i.s.i.m.m.A.insertArticleTagRelation     : <==    Updates: 1
2021-08-18 14:17:33.812 DEBUG 12351 --- [    Test worker] i.s.i.m.mapper.ArticleMapper.insert      : ==>  Preparing: insert into articles(id, slug, title, description, body, user_id, created_at, updated_at) values( ?, ?, ?, ?, ?, ?, ?, ?)
2021-08-18 14:17:33.813 DEBUG 12351 --- [    Test worker] i.s.i.m.mapper.ArticleMapper.insert      : ==> Parameters: 641763e9-60ee-4bce-b13c-7b1ec388fedd(String), new-article(String), new article(String), desc(String), body(String), 77b6dd2c-740e-4018-80ef-d9c77d7c46ef(String), 2021-08-18 14:17:33.789(Timestamp), 2021-08-18 14:17:33.789(Timestamp)
2021-08-18 14:17:33.823 DEBUG 12351 --- [    Test worker] i.s.i.m.mapper.ArticleMapper.insert      : <==    Updates: 1
2021-08-18 14:17:33.824 DEBUG 12351 --- [    Test worker] i.s.i.m.r.A.queryArticles                : ==>  Preparing: select DISTINCT(A.id) articleId, A.created_at from articles A left join article_tags AT on A.id = AT.article_id left join tags T on T.id = AT.tag_id left join article_favorites AF on AF.article_id = A.id left join users AU on AU.id = A.user_id left join users AFU on AFU.id = AF.user_id WHERE T.name = ? order by A.created_at desc limit ?, ?
2021-08-18 14:17:33.826 DEBUG 12351 --- [    Test worker] i.s.i.m.r.A.queryArticles                : ==> Parameters: spring(String), 0(Integer), 20(Integer)
2021-08-18 14:17:33.826 DEBUG 12351 --- [    Test worker] i.s.i.m.r.A.queryArticles                : <==      Total: 1
2021-08-18 14:17:33.831 DEBUG 12351 --- [    Test worker] i.s.i.m.r.A.countArticle                 : ==>  Preparing: select count(DISTINCT A.id) from articles A left join article_tags AT on A.id = AT.article_id left join tags T on T.id = AT.tag_id left join article_favorites AF on AF.article_id = A.id left join users AU on AU.id = A.user_id left join users AFU on AFU.id = AF.user_id WHERE T.name = ?
2021-08-18 14:17:33.832 DEBUG 12351 --- [    Test worker] i.s.i.m.r.A.countArticle                 : ==> Parameters: spring(String)
2021-08-18 14:17:33.833 DEBUG 12351 --- [    Test worker] i.s.i.m.r.A.countArticle                 : <==      Total: 1
2021-08-18 14:17:33.834 DEBUG 12351 --- [    Test worker] i.s.i.m.r.A.findArticles                 : ==>  Preparing: select A.id articleId, A.slug articleSlug, A.title articleTitle, A.description articleDescription, A.body articleBody, A.created_at articleCreatedAt, A.updated_at articleUpdatedAt, T.name tagName, U.id userId, U.username userUsername, U.bio userBio, U.image userImage from articles A left join article_tags AT on A.id = AT.article_id left join tags T on T.id = AT.tag_id left join users U on U.id = A.user_id where A.id in ( ? ) order by A.created_at desc
2021-08-18 14:17:33.834 DEBUG 12351 --- [    Test worker] i.s.i.m.r.A.findArticles                 : ==> Parameters: c6152dbd-f4bb-4441-a286-897f41bdb1f6(String)
2021-08-18 14:17:33.845 DEBUG 12351 --- [    Test worker] i.s.i.m.r.A.findArticles                 : <==      Total: 2
2021-08-18 14:17:33.852 DEBUG 12351 --- [    Test worker] i.s.i.m.r.A.queryArticles                : ==>  Preparing: select DISTINCT(A.id) articleId, A.created_at from articles A left join article_tags AT on A.id = AT.article_id left join tags T on T.id = AT.tag_id left join article_favorites AF on AF.article_id = A.id left join users AU on AU.id = A.user_id left join users AFU on AFU.id = AF.user_id WHERE T.name = ? order by A.created_at desc limit ?, ?
2021-08-18 14:17:33.860 DEBUG 12351 --- [    Test worker] i.s.i.m.r.A.queryArticles                : ==> Parameters: notag(String), 0(Integer), 20(Integer)
2021-08-18 14:17:33.861 DEBUG 12351 --- [    Test worker] i.s.i.m.r.A.countArticle                 : ==>  Preparing: select count(DISTINCT A.id) from articles A left join article_tags AT on A.id = AT.article_id left join tags T on T.id = AT.tag_id left join article_favorites AF on AF.article_id = A.id left join users AU on AU.id = A.user_id left join users AFU on AFU.id = AF.user_id WHERE T.name = ?
2021-08-18 14:17:33.862 DEBUG 12351 --- [    Test worker] i.s.i.m.r.A.countArticle                 : ==> Parameters: notag(String)
2021-08-18 14:17:33.863 DEBUG 12351 --- [    Test worker] i.s.i.m.r.A.countArticle                 : <==      Total: 1
2021-08-18 14:17:33.874  INFO 12351 --- [    Test worker] o.s.t.c.transaction.TransactionContext   : Rolled back transaction for test: [DefaultTestContext@4cf33b9a testClass = ArticleQueryServiceTest, testInstance = io.spring.application.article.ArticleQueryServiceTest@69b32deb, testMethod = should_query_article_by_tag@ArticleQueryServiceTest, testException = [null], mergedContextConfiguration = [MergedContextConfiguration@38a593a2 testClass = ArticleQueryServiceTest, locations = '{}', classes = '{class io.spring.RealworldApplication}', contextInitializerClasses = '[]', activeProfiles = '{test}', propertySourceLocations = '{}', propertySourceProperties = '{org.mybatis.spring.boot.test.autoconfigure.MybatisTestContextBootstrapper=true}', contextCustomizers = set[org.springframework.boot.test.autoconfigure.OverrideAutoConfigurationContextCustomizerFactory$DisableAutoConfigurationContextCustomizer@5cddefa3, org.springframework.boot.test.autoconfigure.actuate.metrics.MetricsExportContextCustomizerFactory$DisableMetricExportContextCustomizer@6d6d6a43, org.springframework.boot.test.autoconfigure.filter.TypeExcludeFiltersContextCustomizer@351584c0, org.springframework.boot.test.autoconfigure.properties.PropertyMappingContextCustomizer@99f60a7d, org.springframework.boot.test.autoconfigure.web.servlet.WebDriverContextCustomizerFactory$Customizer@36698e22, [ImportsContextCustomizer@48095826 key = [org.springframework.boot.test.autoconfigure.jdbc.TestDatabaseAutoConfiguration, org.springframework.boot.autoconfigure.jdbc.DataSourceAutoConfiguration, org.springframework.boot.autoconfigure.cache.CacheAutoConfiguration, org.springframework.boot.autoconfigure.flyway.FlywayAutoConfiguration, org.springframework.boot.autoconfigure.jdbc.DataSourceTransactionManagerAutoConfiguration, org.springframework.boot.autoconfigure.jdbc.JdbcTemplateAutoConfiguration, org.springframework.boot.autoconfigure.liquibase.LiquibaseAutoConfiguration, org.springframework.boot.autoconfigure.transaction.TransactionAutoConfiguration, org.mybatis.spring.boot.autoconfigure.MybatisLanguageDriverAutoConfiguration, org.mybatis.spring.boot.autoconfigure.MybatisAutoConfiguration, io.spring.application.ArticleQueryService, io.spring.infrastructure.repository.MyBatisUserRepository, io.spring.infrastructure.repository.MyBatisArticleRepository, io.spring.infrastructure.repository.MyBatisArticleFavoriteRepository]], org.springframework.boot.test.context.filter.ExcludeFilterContextCustomizer@5f9e60cd, org.springframework.boot.test.json.DuplicateJsonObjectContextCustomizerFactory$DuplicateJsonObjectContextCustomizer@4a39fd90, org.springframework.boot.test.mock.mockito.MockitoContextCustomizer@0, org.springframework.boot.test.context.SpringBootTestArgs@1, org.springframework.boot.test.context.SpringBootTestWebEnvironment@0], contextLoader = 'org.springframework.boot.test.context.SpringBootContextLoader', parent = [null]], attributes = map['org.springframework.test.context.event.ApplicationEventsTestExecutionListener.recordApplicationEvents' -> false]]
2021-08-18 14:17:33.881  INFO 12351 --- [    Test worker] o.s.t.c.transaction.TransactionContext   : Began transaction (1) for test context [DefaultTestContext@4cf33b9a testClass = ArticleQueryServiceTest, testInstance = io.spring.application.article.ArticleQueryServiceTest@648c2223, testMethod = should_get_user_feed@ArticleQueryServiceTest, testException = [null], mergedContextConfiguration = [MergedContextConfiguration@38a593a2 testClass = ArticleQueryServiceTest, locations = '{}', classes = '{class io.spring.RealworldApplication}', contextInitializerClasses = '[]', activeProfiles = '{test}', propertySourceLocations = '{}', propertySourceProperties = '{org.mybatis.spring.boot.test.autoconfigure.MybatisTestContextBootstrapper=true}', contextCustomizers = set[org.springframework.boot.test.autoconfigure.OverrideAutoConfigurationContextCustomizerFactory$DisableAutoConfigurationContextCustomizer@5cddefa3, org.springframework.boot.test.autoconfigure.actuate.metrics.MetricsExportContextCustomizerFactory$DisableMetricExportContextCustomizer@6d6d6a43, org.springframework.boot.test.autoconfigure.filter.TypeExcludeFiltersContextCustomizer@351584c0, org.springframework.boot.test.autoconfigure.properties.PropertyMappingContextCustomizer@99f60a7d, org.springframework.boot.test.autoconfigure.web.servlet.WebDriverContextCustomizerFactory$Customizer@36698e22, [ImportsContextCustomizer@48095826 key = [org.springframework.boot.test.autoconfigure.jdbc.TestDatabaseAutoConfiguration, org.springframework.boot.autoconfigure.jdbc.DataSourceAutoConfiguration, org.springframework.boot.autoconfigure.cache.CacheAutoConfiguration, org.springframework.boot.autoconfigure.flyway.FlywayAutoConfiguration, org.springframework.boot.autoconfigure.jdbc.DataSourceTransactionManagerAutoConfiguration, org.springframework.boot.autoconfigure.jdbc.JdbcTemplateAutoConfiguration, org.springframework.boot.autoconfigure.liquibase.LiquibaseAutoConfiguration, org.springframework.boot.autoconfigure.transaction.TransactionAutoConfiguration, org.mybatis.spring.boot.autoconfigure.MybatisLanguageDriverAutoConfiguration, org.mybatis.spring.boot.autoconfigure.MybatisAutoConfiguration, io.spring.application.ArticleQueryService, io.spring.infrastructure.repository.MyBatisUserRepository, io.spring.infrastructure.repository.MyBatisArticleRepository, io.spring.infrastructure.repository.MyBatisArticleFavoriteRepository]], org.springframework.boot.test.context.filter.ExcludeFilterContextCustomizer@5f9e60cd, org.springframework.boot.test.json.DuplicateJsonObjectContextCustomizerFactory$DuplicateJsonObjectContextCustomizer@4a39fd90, org.springframework.boot.test.mock.mockito.MockitoContextCustomizer@0, org.springframework.boot.test.context.SpringBootTestArgs@1, org.springframework.boot.test.context.SpringBootTestWebEnvironment@0], contextLoader = 'org.springframework.boot.test.context.SpringBootContextLoader', parent = [null]], attributes = map['org.springframework.test.context.event.ApplicationEventsTestExecutionListener.recordApplicationEvents' -> false]]; transaction manager [org.springframework.jdbc.support.JdbcTransactionManager@edadbe2]; rollback [true]
2021-08-18 14:17:33.885 DEBUG 12351 --- [    Test worker] i.s.i.m.mapper.UserMapper.findById       : ==>  Preparing: select id, username, email, password, bio, image from users where id = ?
2021-08-18 14:17:33.885 DEBUG 12351 --- [    Test worker] i.s.i.m.mapper.UserMapper.findById       : ==> Parameters: c1c4b928-f79d-4fdc-891a-01c527520e9e(String)
2021-08-18 14:17:33.886 DEBUG 12351 --- [    Test worker] i.s.i.mybatis.mapper.UserMapper.insert   : ==>  Preparing: insert into users (id, username, email, password, bio, image) values( ?, ?, ?, ?, ?, ? )
2021-08-18 14:17:33.896 DEBUG 12351 --- [    Test worker] i.s.i.mybatis.mapper.UserMapper.insert   : ==> Parameters: c1c4b928-f79d-4fdc-891a-01c527520e9e(String), aisensiy(String), aisensiy@gmail.com(String), 123(String), (String), (String)
2021-08-18 14:17:33.897 DEBUG 12351 --- [    Test worker] i.s.i.mybatis.mapper.UserMapper.insert   : <==    Updates: 1
2021-08-18 14:17:33.898 DEBUG 12351 --- [    Test worker] i.s.i.m.mapper.ArticleMapper.findById    : ==>  Preparing: select A.id articleId, A.slug articleSlug, A.title articleTitle, A.description articleDescription, A.body articleBody, A.user_id articleUserId, A.created_at articleCreatedAt, A.updated_at articleUpdatedAt, T.id tagId, T.name tagName from articles A left join article_tags AT on A.id = AT.article_id left join tags T on T.id = AT.tag_id where A.id = ?
2021-08-18 14:17:33.899 DEBUG 12351 --- [    Test worker] i.s.i.m.mapper.ArticleMapper.findById    : ==> Parameters: adcdea81-f9d1-4768-bbfe-08d18acc9018(String)
2021-08-18 14:17:33.900 DEBUG 12351 --- [    Test worker] i.s.i.m.mapper.ArticleMapper.findTag     : ==>  Preparing: select id, name from tags where name = ?
2021-08-18 14:17:33.900 DEBUG 12351 --- [    Test worker] i.s.i.m.mapper.ArticleMapper.findTag     : ==> Parameters: spring(String)
2021-08-18 14:17:33.901 DEBUG 12351 --- [    Test worker] i.s.i.m.mapper.ArticleMapper.insertTag   : ==>  Preparing: insert into tags (id, name) values (?, ?)
2021-08-18 14:17:33.901 DEBUG 12351 --- [    Test worker] i.s.i.m.mapper.ArticleMapper.insertTag   : ==> Parameters: 3f9aab07-6047-4f03-86b0-de90cb2c7a83(String), spring(String)
2021-08-18 14:17:33.901 DEBUG 12351 --- [    Test worker] i.s.i.m.mapper.ArticleMapper.insertTag   : <==    Updates: 1
2021-08-18 14:17:33.901 DEBUG 12351 --- [    Test worker] i.s.i.m.m.A.insertArticleTagRelation     : ==>  Preparing: insert into article_tags (article_id, tag_id) values(?, ?)
2021-08-18 14:17:33.902 DEBUG 12351 --- [    Test worker] i.s.i.m.m.A.insertArticleTagRelation     : ==> Parameters: adcdea81-f9d1-4768-bbfe-08d18acc9018(String), 3f9aab07-6047-4f03-86b0-de90cb2c7a83(String)
2021-08-18 14:17:33.902 DEBUG 12351 --- [    Test worker] i.s.i.m.m.A.insertArticleTagRelation     : <==    Updates: 1
2021-08-18 14:17:33.902 DEBUG 12351 --- [    Test worker] i.s.i.m.mapper.ArticleMapper.findTag     : ==>  Preparing: select id, name from tags where name = ?
2021-08-18 14:17:33.902 DEBUG 12351 --- [    Test worker] i.s.i.m.mapper.ArticleMapper.findTag     : ==> Parameters: java(String)
2021-08-18 14:17:33.903 DEBUG 12351 --- [    Test worker] i.s.i.m.mapper.ArticleMapper.insertTag   : ==>  Preparing: insert into tags (id, name) values (?, ?)
2021-08-18 14:17:33.903 DEBUG 12351 --- [    Test worker] i.s.i.m.mapper.ArticleMapper.insertTag   : ==> Parameters: 262715d5-e9c1-4a9f-a750-b5ffa4930836(String), java(String)
2021-08-18 14:17:33.903 DEBUG 12351 --- [    Test worker] i.s.i.m.mapper.ArticleMapper.insertTag   : <==    Updates: 1
2021-08-18 14:17:33.904 DEBUG 12351 --- [    Test worker] i.s.i.m.m.A.insertArticleTagRelation     : ==>  Preparing: insert into article_tags (article_id, tag_id) values(?, ?)
2021-08-18 14:17:33.904 DEBUG 12351 --- [    Test worker] i.s.i.m.m.A.insertArticleTagRelation     : ==> Parameters: adcdea81-f9d1-4768-bbfe-08d18acc9018(String), 262715d5-e9c1-4a9f-a750-b5ffa4930836(String)
2021-08-18 14:17:33.905 DEBUG 12351 --- [    Test worker] i.s.i.m.m.A.insertArticleTagRelation     : <==    Updates: 1
2021-08-18 14:17:33.905 DEBUG 12351 --- [    Test worker] i.s.i.m.mapper.ArticleMapper.insert      : ==>  Preparing: insert into articles(id, slug, title, description, body, user_id, created_at, updated_at) values( ?, ?, ?, ?, ?, ?, ?, ?)
2021-08-18 14:17:33.907 DEBUG 12351 --- [    Test worker] i.s.i.m.mapper.ArticleMapper.insert      : ==> Parameters: adcdea81-f9d1-4768-bbfe-08d18acc9018(String), test(String), test(String), desc(String), body(String), c1c4b928-f79d-4fdc-891a-01c527520e9e(String), 2021-08-18 14:17:33.898(Timestamp), 2021-08-18 14:17:33.898(Timestamp)
2021-08-18 14:17:33.908 DEBUG 12351 --- [    Test worker] i.s.i.m.mapper.ArticleMapper.insert      : <==    Updates: 1
2021-08-18 14:17:33.909 DEBUG 12351 --- [    Test worker] i.s.i.m.mapper.UserMapper.findById       : ==>  Preparing: select id, username, email, password, bio, image from users where id = ?
2021-08-18 14:17:33.910 DEBUG 12351 --- [    Test worker] i.s.i.m.mapper.UserMapper.findById       : ==> Parameters: ced747d1-0685-46bc-9c5a-be34a3534e27(String)
2021-08-18 14:17:33.911 DEBUG 12351 --- [    Test worker] i.s.i.mybatis.mapper.UserMapper.insert   : ==>  Preparing: insert into users (id, username, email, password, bio, image) values( ?, ?, ?, ?, ?, ? )
2021-08-18 14:17:33.917 DEBUG 12351 --- [    Test worker] i.s.i.mybatis.mapper.UserMapper.insert   : ==> Parameters: ced747d1-0685-46bc-9c5a-be34a3534e27(String), other(String), other@email.com(String), 123(String), (String), (String)
2021-08-18 14:17:33.917 DEBUG 12351 --- [    Test worker] i.s.i.mybatis.mapper.UserMapper.insert   : <==    Updates: 1
2021-08-18 14:17:33.918 DEBUG 12351 --- [    Test worker] i.s.i.m.mapper.UserMapper.findRelation   : ==>  Preparing: SELECT F.user_id followUserId, F.follow_id followTargetId from follows F where F.user_id = ? and F.follow_id = ?
2021-08-18 14:17:33.919 DEBUG 12351 --- [    Test worker] i.s.i.m.mapper.UserMapper.findRelation   : ==> Parameters: ced747d1-0685-46bc-9c5a-be34a3534e27(String), c1c4b928-f79d-4fdc-891a-01c527520e9e(String)
2021-08-18 14:17:33.921 DEBUG 12351 --- [    Test worker] i.s.i.m.mapper.UserMapper.saveRelation   : ==>  Preparing: insert into follows(user_id, follow_id) values (?, ?)
2021-08-18 14:17:33.921 DEBUG 12351 --- [    Test worker] i.s.i.m.mapper.UserMapper.saveRelation   : ==> Parameters: ced747d1-0685-46bc-9c5a-be34a3534e27(String), c1c4b928-f79d-4fdc-891a-01c527520e9e(String)
2021-08-18 14:17:33.922 DEBUG 12351 --- [    Test worker] i.s.i.m.mapper.UserMapper.saveRelation   : <==    Updates: 1
2021-08-18 14:17:33.926 DEBUG 12351 --- [    Test worker] i.s.i.m.r.A.findArticlesOfAuthors        : ==>  Preparing: select A.id articleId, A.slug articleSlug, A.title articleTitle, A.description articleDescription, A.body articleBody, A.created_at articleCreatedAt, A.updated_at articleUpdatedAt, T.name tagName, U.id userId, U.username userUsername, U.bio userBio, U.image userImage from articles A left join article_tags AT on A.id = AT.article_id left join tags T on T.id = AT.tag_id left join users U on U.id = A.user_id where A.user_id in ( ? ) limit ?, ?
2021-08-18 14:17:33.932 DEBUG 12351 --- [    Test worker] i.s.i.m.r.A.findArticlesOfAuthors        : ==> Parameters: c1c4b928-f79d-4fdc-891a-01c527520e9e(String), 0(Integer), 20(Integer)
2021-08-18 14:17:33.934 DEBUG 12351 --- [    Test worker] i.s.i.m.r.A.findArticlesOfAuthors        : <==      Total: 2
2021-08-18 14:17:33.948 DEBUG 12351 --- [    Test worker] i.s.i.m.r.A.countFeedSize                : ==>  Preparing: select count(1) from articles A where A.user_id in ( ? )
2021-08-18 14:17:33.949 DEBUG 12351 --- [    Test worker] i.s.i.m.r.A.countFeedSize                : ==> Parameters: c1c4b928-f79d-4fdc-891a-01c527520e9e(String)
2021-08-18 14:17:33.950 DEBUG 12351 --- [    Test worker] i.s.i.m.r.A.countFeedSize                : <==      Total: 1
2021-08-18 14:17:33.952  INFO 12351 --- [    Test worker] o.s.t.c.transaction.TransactionContext   : Rolled back transaction for test: [DefaultTestContext@4cf33b9a testClass = ArticleQueryServiceTest, testInstance = io.spring.application.article.ArticleQueryServiceTest@648c2223, testMethod = should_get_user_feed@ArticleQueryServiceTest, testException = [null], mergedContextConfiguration = [MergedContextConfiguration@38a593a2 testClass = ArticleQueryServiceTest, locations = '{}', classes = '{class io.spring.RealworldApplication}', contextInitializerClasses = '[]', activeProfiles = '{test}', propertySourceLocations = '{}', propertySourceProperties = '{org.mybatis.spring.boot.test.autoconfigure.MybatisTestContextBootstrapper=true}', contextCustomizers = set[org.springframework.boot.test.autoconfigure.OverrideAutoConfigurationContextCustomizerFactory$DisableAutoConfigurationContextCustomizer@5cddefa3, org.springframework.boot.test.autoconfigure.actuate.metrics.MetricsExportContextCustomizerFactory$DisableMetricExportContextCustomizer@6d6d6a43, org.springframework.boot.test.autoconfigure.filter.TypeExcludeFiltersContextCustomizer@351584c0, org.springframework.boot.test.autoconfigure.properties.PropertyMappingContextCustomizer@99f60a7d, org.springframework.boot.test.autoconfigure.web.servlet.WebDriverContextCustomizerFactory$Customizer@36698e22, [ImportsContextCustomizer@48095826 key = [org.springframework.boot.test.autoconfigure.jdbc.TestDatabaseAutoConfiguration, org.springframework.boot.autoconfigure.jdbc.DataSourceAutoConfiguration, org.springframework.boot.autoconfigure.cache.CacheAutoConfiguration, org.springframework.boot.autoconfigure.flyway.FlywayAutoConfiguration, org.springframework.boot.autoconfigure.jdbc.DataSourceTransactionManagerAutoConfiguration, org.springframework.boot.autoconfigure.jdbc.JdbcTemplateAutoConfiguration, org.springframework.boot.autoconfigure.liquibase.LiquibaseAutoConfiguration, org.springframework.boot.autoconfigure.transaction.TransactionAutoConfiguration, org.mybatis.spring.boot.autoconfigure.MybatisLanguageDriverAutoConfiguration, org.mybatis.spring.boot.autoconfigure.MybatisAutoConfiguration, io.spring.application.ArticleQueryService, io.spring.infrastructure.repository.MyBatisUserRepository, io.spring.infrastructure.repository.MyBatisArticleRepository, io.spring.infrastructure.repository.MyBatisArticleFavoriteRepository]], org.springframework.boot.test.context.filter.ExcludeFilterContextCustomizer@5f9e60cd, org.springframework.boot.test.json.DuplicateJsonObjectContextCustomizerFactory$DuplicateJsonObjectContextCustomizer@4a39fd90, org.springframework.boot.test.mock.mockito.MockitoContextCustomizer@0, org.springframework.boot.test.context.SpringBootTestArgs@1, org.springframework.boot.test.context.SpringBootTestWebEnvironment@0], contextLoader = 'org.springframework.boot.test.context.SpringBootContextLoader', parent = [null]], attributes = map['org.springframework.test.context.event.ApplicationEventsTestExecutionListener.recordApplicationEvents' -> false]]
2021-08-18 14:17:33.959  INFO 12351 --- [    Test worker] o.s.t.c.transaction.TransactionContext   : Began transaction (1) for test context [DefaultTestContext@4cf33b9a testClass = ArticleQueryServiceTest, testInstance = io.spring.application.article.ArticleQueryServiceTest@445073a, testMethod = should_get_article_with_right_favorite_and_favorite_count@ArticleQueryServiceTest, testException = [null], mergedContextConfiguration = [MergedContextConfiguration@38a593a2 testClass = ArticleQueryServiceTest, locations = '{}', classes = '{class io.spring.RealworldApplication}', contextInitializerClasses = '[]', activeProfiles = '{test}', propertySourceLocations = '{}', propertySourceProperties = '{org.mybatis.spring.boot.test.autoconfigure.MybatisTestContextBootstrapper=true}', contextCustomizers = set[org.springframework.boot.test.autoconfigure.OverrideAutoConfigurationContextCustomizerFactory$DisableAutoConfigurationContextCustomizer@5cddefa3, org.springframework.boot.test.autoconfigure.actuate.metrics.MetricsExportContextCustomizerFactory$DisableMetricExportContextCustomizer@6d6d6a43, org.springframework.boot.test.autoconfigure.filter.TypeExcludeFiltersContextCustomizer@351584c0, org.springframework.boot.test.autoconfigure.properties.PropertyMappingContextCustomizer@99f60a7d, org.springframework.boot.test.autoconfigure.web.servlet.WebDriverContextCustomizerFactory$Customizer@36698e22, [ImportsContextCustomizer@48095826 key = [org.springframework.boot.test.autoconfigure.jdbc.TestDatabaseAutoConfiguration, org.springframework.boot.autoconfigure.jdbc.DataSourceAutoConfiguration, org.springframework.boot.autoconfigure.cache.CacheAutoConfiguration, org.springframework.boot.autoconfigure.flyway.FlywayAutoConfiguration, org.springframework.boot.autoconfigure.jdbc.DataSourceTransactionManagerAutoConfiguration, org.springframework.boot.autoconfigure.jdbc.JdbcTemplateAutoConfiguration, org.springframework.boot.autoconfigure.liquibase.LiquibaseAutoConfiguration, org.springframework.boot.autoconfigure.transaction.TransactionAutoConfiguration, org.mybatis.spring.boot.autoconfigure.MybatisLanguageDriverAutoConfiguration, org.mybatis.spring.boot.autoconfigure.MybatisAutoConfiguration, io.spring.application.ArticleQueryService, io.spring.infrastructure.repository.MyBatisUserRepository, io.spring.infrastructure.repository.MyBatisArticleRepository, io.spring.infrastructure.repository.MyBatisArticleFavoriteRepository]], org.springframework.boot.test.context.filter.ExcludeFilterContextCustomizer@5f9e60cd, org.springframework.boot.test.json.DuplicateJsonObjectContextCustomizerFactory$DuplicateJsonObjectContextCustomizer@4a39fd90, org.springframework.boot.test.mock.mockito.MockitoContextCustomizer@0, org.springframework.boot.test.context.SpringBootTestArgs@1, org.springframework.boot.test.context.SpringBootTestWebEnvironment@0], contextLoader = 'org.springframework.boot.test.context.SpringBootContextLoader', parent = [null]], attributes = map['org.springframework.test.context.event.ApplicationEventsTestExecutionListener.recordApplicationEvents' -> false]]; transaction manager [org.springframework.jdbc.support.JdbcTransactionManager@edadbe2]; rollback [true]
2021-08-18 14:17:33.968 DEBUG 12351 --- [    Test worker] i.s.i.m.mapper.UserMapper.findById       : ==>  Preparing: select id, username, email, password, bio, image from users where id = ?
2021-08-18 14:17:33.969 DEBUG 12351 --- [    Test worker] i.s.i.m.mapper.UserMapper.findById       : ==> Parameters: 47f629dd-9976-4c1c-b786-daf956a36cb5(String)
2021-08-18 14:17:33.969 DEBUG 12351 --- [    Test worker] i.s.i.mybatis.mapper.UserMapper.insert   : ==>  Preparing: insert into users (id, username, email, password, bio, image) values( ?, ?, ?, ?, ?, ? )
2021-08-18 14:17:33.970 DEBUG 12351 --- [    Test worker] i.s.i.mybatis.mapper.UserMapper.insert   : ==> Parameters: 47f629dd-9976-4c1c-b786-daf956a36cb5(String), aisensiy(String), aisensiy@gmail.com(String), 123(String), (String), (String)
2021-08-18 14:17:33.970 DEBUG 12351 --- [    Test worker] i.s.i.mybatis.mapper.UserMapper.insert   : <==    Updates: 1
2021-08-18 14:17:33.973 DEBUG 12351 --- [    Test worker] i.s.i.m.mapper.ArticleMapper.findById    : ==>  Preparing: select A.id articleId, A.slug articleSlug, A.title articleTitle, A.description articleDescription, A.body articleBody, A.user_id articleUserId, A.created_at articleCreatedAt, A.updated_at articleUpdatedAt, T.id tagId, T.name tagName from articles A left join article_tags AT on A.id = AT.article_id left join tags T on T.id = AT.tag_id where A.id = ?
2021-08-18 14:17:33.974 DEBUG 12351 --- [    Test worker] i.s.i.m.mapper.ArticleMapper.findById    : ==> Parameters: 51e1e418-c170-4539-ac34-b58f79cb5218(String)
2021-08-18 14:17:33.974 DEBUG 12351 --- [    Test worker] i.s.i.m.mapper.ArticleMapper.findTag     : ==>  Preparing: select id, name from tags where name = ?
2021-08-18 14:17:33.975 DEBUG 12351 --- [    Test worker] i.s.i.m.mapper.ArticleMapper.findTag     : ==> Parameters: spring(String)
2021-08-18 14:17:33.980 DEBUG 12351 --- [    Test worker] i.s.i.m.mapper.ArticleMapper.insertTag   : ==>  Preparing: insert into tags (id, name) values (?, ?)
2021-08-18 14:17:33.981 DEBUG 12351 --- [    Test worker] i.s.i.m.mapper.ArticleMapper.insertTag   : ==> Parameters: a28dd794-1b5b-45f7-a526-07b0edfea300(String), spring(String)
2021-08-18 14:17:33.981 DEBUG 12351 --- [    Test worker] i.s.i.m.mapper.ArticleMapper.insertTag   : <==    Updates: 1
2021-08-18 14:17:33.981 DEBUG 12351 --- [    Test worker] i.s.i.m.m.A.insertArticleTagRelation     : ==>  Preparing: insert into article_tags (article_id, tag_id) values(?, ?)
2021-08-18 14:17:33.981 DEBUG 12351 --- [    Test worker] i.s.i.m.m.A.insertArticleTagRelation     : ==> Parameters: 51e1e418-c170-4539-ac34-b58f79cb5218(String), a28dd794-1b5b-45f7-a526-07b0edfea300(String)
2021-08-18 14:17:33.982 DEBUG 12351 --- [    Test worker] i.s.i.m.m.A.insertArticleTagRelation     : <==    Updates: 1
2021-08-18 14:17:33.982 DEBUG 12351 --- [    Test worker] i.s.i.m.mapper.ArticleMapper.findTag     : ==>  Preparing: select id, name from tags where name = ?
2021-08-18 14:17:33.982 DEBUG 12351 --- [    Test worker] i.s.i.m.mapper.ArticleMapper.findTag     : ==> Parameters: java(String)
2021-08-18 14:17:33.983 DEBUG 12351 --- [    Test worker] i.s.i.m.mapper.ArticleMapper.insertTag   : ==>  Preparing: insert into tags (id, name) values (?, ?)
2021-08-18 14:17:33.984 DEBUG 12351 --- [    Test worker] i.s.i.m.mapper.ArticleMapper.insertTag   : ==> Parameters: 40f6b43b-fa86-4dad-a766-fd08ed139931(String), java(String)
2021-08-18 14:17:33.984 DEBUG 12351 --- [    Test worker] i.s.i.m.mapper.ArticleMapper.insertTag   : <==    Updates: 1
2021-08-18 14:17:33.985 DEBUG 12351 --- [    Test worker] i.s.i.m.m.A.insertArticleTagRelation     : ==>  Preparing: insert into article_tags (article_id, tag_id) values(?, ?)
2021-08-18 14:17:33.985 DEBUG 12351 --- [    Test worker] i.s.i.m.m.A.insertArticleTagRelation     : ==> Parameters: 51e1e418-c170-4539-ac34-b58f79cb5218(String), 40f6b43b-fa86-4dad-a766-fd08ed139931(String)
2021-08-18 14:17:33.985 DEBUG 12351 --- [    Test worker] i.s.i.m.m.A.insertArticleTagRelation     : <==    Updates: 1
2021-08-18 14:17:33.986 DEBUG 12351 --- [    Test worker] i.s.i.m.mapper.ArticleMapper.insert      : ==>  Preparing: insert into articles(id, slug, title, description, body, user_id, created_at, updated_at) values( ?, ?, ?, ?, ?, ?, ?, ?)
2021-08-18 14:17:33.987 DEBUG 12351 --- [    Test worker] i.s.i.m.mapper.ArticleMapper.insert      : ==> Parameters: 51e1e418-c170-4539-ac34-b58f79cb5218(String), test(String), test(String), desc(String), body(String), 47f629dd-9976-4c1c-b786-daf956a36cb5(String), 2021-08-18 14:17:33.97(Timestamp), 2021-08-18 14:17:33.97(Timestamp)
2021-08-18 14:17:33.987 DEBUG 12351 --- [    Test worker] i.s.i.m.mapper.ArticleMapper.insert      : <==    Updates: 1
2021-08-18 14:17:33.988 DEBUG 12351 --- [    Test worker] i.s.i.m.mapper.UserMapper.findById       : ==>  Preparing: select id, username, email, password, bio, image from users where id = ?
2021-08-18 14:17:33.988 DEBUG 12351 --- [    Test worker] i.s.i.m.mapper.UserMapper.findById       : ==> Parameters: ad7a5503-8ba3-4906-9288-e8d23c447523(String)
2021-08-18 14:17:34.000 DEBUG 12351 --- [    Test worker] i.s.i.mybatis.mapper.UserMapper.insert   : ==>  Preparing: insert into users (id, username, email, password, bio, image) values( ?, ?, ?, ?, ?, ? )
2021-08-18 14:17:34.002 DEBUG 12351 --- [    Test worker] i.s.i.mybatis.mapper.UserMapper.insert   : ==> Parameters: ad7a5503-8ba3-4906-9288-e8d23c447523(String), other(String), other@test.com(String), 123(String), (String), (String)
2021-08-18 14:17:34.003 DEBUG 12351 --- [    Test worker] i.s.i.mybatis.mapper.UserMapper.insert   : <==    Updates: 1
2021-08-18 14:17:34.003 DEBUG 12351 --- [    Test worker] i.s.i.m.m.ArticleFavoriteMapper.find     : ==>  Preparing: select AF.article_id articleFavoriteArticleId, AF.user_id articleFavoriteUserId from article_favorites AF where AF.article_id = ? and AF.user_id = ?
2021-08-18 14:17:34.005 DEBUG 12351 --- [    Test worker] i.s.i.m.m.ArticleFavoriteMapper.find     : ==> Parameters: 51e1e418-c170-4539-ac34-b58f79cb5218(String), ad7a5503-8ba3-4906-9288-e8d23c447523(String)
2021-08-18 14:17:34.005 DEBUG 12351 --- [    Test worker] i.s.i.m.m.ArticleFavoriteMapper.insert   : ==>  Preparing: insert into article_favorites (article_id, user_id) values (?, ?)
2021-08-18 14:17:34.006 DEBUG 12351 --- [    Test worker] i.s.i.m.m.ArticleFavoriteMapper.insert   : ==> Parameters: 51e1e418-c170-4539-ac34-b58f79cb5218(String), ad7a5503-8ba3-4906-9288-e8d23c447523(String)
2021-08-18 14:17:34.006 DEBUG 12351 --- [    Test worker] i.s.i.m.m.ArticleFavoriteMapper.insert   : <==    Updates: 1
2021-08-18 14:17:34.007 DEBUG 12351 --- [    Test worker] i.s.i.m.r.ArticleReadService.findById    : ==>  Preparing: select A.id articleId, A.slug articleSlug, A.title articleTitle, A.description articleDescription, A.body articleBody, A.created_at articleCreatedAt, A.updated_at articleUpdatedAt, T.name tagName, U.id userId, U.username userUsername, U.bio userBio, U.image userImage from articles A left join article_tags AT on A.id = AT.article_id left join tags T on T.id = AT.tag_id left join users U on U.id = A.user_id where A.id = ?
2021-08-18 14:17:34.007 DEBUG 12351 --- [    Test worker] i.s.i.m.r.ArticleReadService.findById    : ==> Parameters: 51e1e418-c170-4539-ac34-b58f79cb5218(String)
2021-08-18 14:17:34.011 DEBUG 12351 --- [    Test worker] i.s.i.m.r.ArticleReadService.findById    : <==      Total: 2
2021-08-18 14:17:34.018  INFO 12351 --- [    Test worker] o.s.t.c.transaction.TransactionContext   : Rolled back transaction for test: [DefaultTestContext@4cf33b9a testClass = ArticleQueryServiceTest, testInstance = io.spring.application.article.ArticleQueryServiceTest@445073a, testMethod = should_get_article_with_right_favorite_and_favorite_count@ArticleQueryServiceTest, testException = [null], mergedContextConfiguration = [MergedContextConfiguration@38a593a2 testClass = ArticleQueryServiceTest, locations = '{}', classes = '{class io.spring.RealworldApplication}', contextInitializerClasses = '[]', activeProfiles = '{test}', propertySourceLocations = '{}', propertySourceProperties = '{org.mybatis.spring.boot.test.autoconfigure.MybatisTestContextBootstrapper=true}', contextCustomizers = set[org.springframework.boot.test.autoconfigure.OverrideAutoConfigurationContextCustomizerFactory$DisableAutoConfigurationContextCustomizer@5cddefa3, org.springframework.boot.test.autoconfigure.actuate.metrics.MetricsExportContextCustomizerFactory$DisableMetricExportContextCustomizer@6d6d6a43, org.springframework.boot.test.autoconfigure.filter.TypeExcludeFiltersContextCustomizer@351584c0, org.springframework.boot.test.autoconfigure.properties.PropertyMappingContextCustomizer@99f60a7d, org.springframework.boot.test.autoconfigure.web.servlet.WebDriverContextCustomizerFactory$Customizer@36698e22, [ImportsContextCustomizer@48095826 key = [org.springframework.boot.test.autoconfigure.jdbc.TestDatabaseAutoConfiguration, org.springframework.boot.autoconfigure.jdbc.DataSourceAutoConfiguration, org.springframework.boot.autoconfigure.cache.CacheAutoConfiguration, org.springframework.boot.autoconfigure.flyway.FlywayAutoConfiguration, org.springframework.boot.autoconfigure.jdbc.DataSourceTransactionManagerAutoConfiguration, org.springframework.boot.autoconfigure.jdbc.JdbcTemplateAutoConfiguration, org.springframework.boot.autoconfigure.liquibase.LiquibaseAutoConfiguration, org.springframework.boot.autoconfigure.transaction.TransactionAutoConfiguration, org.mybatis.spring.boot.autoconfigure.MybatisLanguageDriverAutoConfiguration, org.mybatis.spring.boot.autoconfigure.MybatisAutoConfiguration, io.spring.application.ArticleQueryService, io.spring.infrastructure.repository.MyBatisUserRepository, io.spring.infrastructure.repository.MyBatisArticleRepository, io.spring.infrastructure.repository.MyBatisArticleFavoriteRepository]], org.springframework.boot.test.context.filter.ExcludeFilterContextCustomizer@5f9e60cd, org.springframework.boot.test.json.DuplicateJsonObjectContextCustomizerFactory$DuplicateJsonObjectContextCustomizer@4a39fd90, org.springframework.boot.test.mock.mockito.MockitoContextCustomizer@0, org.springframework.boot.test.context.SpringBootTestArgs@1, org.springframework.boot.test.context.SpringBootTestWebEnvironment@0], contextLoader = 'org.springframework.boot.test.context.SpringBootContextLoader', parent = [null]], attributes = map['org.springframework.test.context.event.ApplicationEventsTestExecutionListener.recordApplicationEvents' -> false]]
2021-08-18 14:17:34.036  INFO 12351 --- [    Test worker] o.s.t.c.transaction.TransactionContext   : Began transaction (1) for test context [DefaultTestContext@4cf33b9a testClass = ArticleQueryServiceTest, testInstance = io.spring.application.article.ArticleQueryServiceTest@44fd53a8, testMethod = should_fetch_article_success@ArticleQueryServiceTest, testException = [null], mergedContextConfiguration = [MergedContextConfiguration@38a593a2 testClass = ArticleQueryServiceTest, locations = '{}', classes = '{class io.spring.RealworldApplication}', contextInitializerClasses = '[]', activeProfiles = '{test}', propertySourceLocations = '{}', propertySourceProperties = '{org.mybatis.spring.boot.test.autoconfigure.MybatisTestContextBootstrapper=true}', contextCustomizers = set[org.springframework.boot.test.autoconfigure.OverrideAutoConfigurationContextCustomizerFactory$DisableAutoConfigurationContextCustomizer@5cddefa3, org.springframework.boot.test.autoconfigure.actuate.metrics.MetricsExportContextCustomizerFactory$DisableMetricExportContextCustomizer@6d6d6a43, org.springframework.boot.test.autoconfigure.filter.TypeExcludeFiltersContextCustomizer@351584c0, org.springframework.boot.test.autoconfigure.properties.PropertyMappingContextCustomizer@99f60a7d, org.springframework.boot.test.autoconfigure.web.servlet.WebDriverContextCustomizerFactory$Customizer@36698e22, [ImportsContextCustomizer@48095826 key = [org.springframework.boot.test.autoconfigure.jdbc.TestDatabaseAutoConfiguration, org.springframework.boot.autoconfigure.jdbc.DataSourceAutoConfiguration, org.springframework.boot.autoconfigure.cache.CacheAutoConfiguration, org.springframework.boot.autoconfigure.flyway.FlywayAutoConfiguration, org.springframework.boot.autoconfigure.jdbc.DataSourceTransactionManagerAutoConfiguration, org.springframework.boot.autoconfigure.jdbc.JdbcTemplateAutoConfiguration, org.springframework.boot.autoconfigure.liquibase.LiquibaseAutoConfiguration, org.springframework.boot.autoconfigure.transaction.TransactionAutoConfiguration, org.mybatis.spring.boot.autoconfigure.MybatisLanguageDriverAutoConfiguration, org.mybatis.spring.boot.autoconfigure.MybatisAutoConfiguration, io.spring.application.ArticleQueryService, io.spring.infrastructure.repository.MyBatisUserRepository, io.spring.infrastructure.repository.MyBatisArticleRepository, io.spring.infrastructure.repository.MyBatisArticleFavoriteRepository]], org.springframework.boot.test.context.filter.ExcludeFilterContextCustomizer@5f9e60cd, org.springframework.boot.test.json.DuplicateJsonObjectContextCustomizerFactory$DuplicateJsonObjectContextCustomizer@4a39fd90, org.springframework.boot.test.mock.mockito.MockitoContextCustomizer@0, org.springframework.boot.test.context.SpringBootTestArgs@1, org.springframework.boot.test.context.SpringBootTestWebEnvironment@0], contextLoader = 'org.springframework.boot.test.context.SpringBootContextLoader', parent = [null]], attributes = map['org.springframework.test.context.event.ApplicationEventsTestExecutionListener.recordApplicationEvents' -> false]]; transaction manager [org.springframework.jdbc.support.JdbcTransactionManager@edadbe2]; rollback [true]
2021-08-18 14:17:34.038 DEBUG 12351 --- [    Test worker] i.s.i.m.mapper.UserMapper.findById       : ==>  Preparing: select id, username, email, password, bio, image from users where id = ?
2021-08-18 14:17:34.040 DEBUG 12351 --- [    Test worker] i.s.i.m.mapper.UserMapper.findById       : ==> Parameters: 4a27bec7-5545-4672-8b09-a012d95700d5(String)
2021-08-18 14:17:34.041 DEBUG 12351 --- [    Test worker] i.s.i.mybatis.mapper.UserMapper.insert   : ==>  Preparing: insert into users (id, username, email, password, bio, image) values( ?, ?, ?, ?, ?, ? )
2021-08-18 14:17:34.041 DEBUG 12351 --- [    Test worker] i.s.i.mybatis.mapper.UserMapper.insert   : ==> Parameters: 4a27bec7-5545-4672-8b09-a012d95700d5(String), aisensiy(String), aisensiy@gmail.com(String), 123(String), (String), (String)
2021-08-18 14:17:34.041 DEBUG 12351 --- [    Test worker] i.s.i.mybatis.mapper.UserMapper.insert   : <==    Updates: 1
2021-08-18 14:17:34.042 DEBUG 12351 --- [    Test worker] i.s.i.m.mapper.ArticleMapper.findById    : ==>  Preparing: select A.id articleId, A.slug articleSlug, A.title articleTitle, A.description articleDescription, A.body articleBody, A.user_id articleUserId, A.created_at articleCreatedAt, A.updated_at articleUpdatedAt, T.id tagId, T.name tagName from articles A left join article_tags AT on A.id = AT.article_id left join tags T on T.id = AT.tag_id where A.id = ?
2021-08-18 14:17:34.042 DEBUG 12351 --- [    Test worker] i.s.i.m.mapper.ArticleMapper.findById    : ==> Parameters: afc9e83e-3a80-4614-b89c-efd61d615f1b(String)
2021-08-18 14:17:34.045 DEBUG 12351 --- [    Test worker] i.s.i.m.mapper.ArticleMapper.findTag     : ==>  Preparing: select id, name from tags where name = ?
2021-08-18 14:17:34.046 DEBUG 12351 --- [    Test worker] i.s.i.m.mapper.ArticleMapper.findTag     : ==> Parameters: spring(String)
2021-08-18 14:17:34.047 DEBUG 12351 --- [    Test worker] i.s.i.m.mapper.ArticleMapper.insertTag   : ==>  Preparing: insert into tags (id, name) values (?, ?)
2021-08-18 14:17:34.048 DEBUG 12351 --- [    Test worker] i.s.i.m.mapper.ArticleMapper.insertTag   : ==> Parameters: 09c1afbd-fe5d-42e8-a0de-888d01f81e54(String), spring(String)
2021-08-18 14:17:34.052 DEBUG 12351 --- [    Test worker] i.s.i.m.mapper.ArticleMapper.insertTag   : <==    Updates: 1
2021-08-18 14:17:34.053 DEBUG 12351 --- [    Test worker] i.s.i.m.m.A.insertArticleTagRelation     : ==>  Preparing: insert into article_tags (article_id, tag_id) values(?, ?)
2021-08-18 14:17:34.054 DEBUG 12351 --- [    Test worker] i.s.i.m.m.A.insertArticleTagRelation     : ==> Parameters: afc9e83e-3a80-4614-b89c-efd61d615f1b(String), 09c1afbd-fe5d-42e8-a0de-888d01f81e54(String)
2021-08-18 14:17:34.054 DEBUG 12351 --- [    Test worker] i.s.i.m.m.A.insertArticleTagRelation     : <==    Updates: 1
2021-08-18 14:17:34.055 DEBUG 12351 --- [    Test worker] i.s.i.m.mapper.ArticleMapper.findTag     : ==>  Preparing: select id, name from tags where name = ?
2021-08-18 14:17:34.055 DEBUG 12351 --- [    Test worker] i.s.i.m.mapper.ArticleMapper.findTag     : ==> Parameters: java(String)
2021-08-18 14:17:34.056 DEBUG 12351 --- [    Test worker] i.s.i.m.mapper.ArticleMapper.insertTag   : ==>  Preparing: insert into tags (id, name) values (?, ?)
2021-08-18 14:17:34.056 DEBUG 12351 --- [    Test worker] i.s.i.m.mapper.ArticleMapper.insertTag   : ==> Parameters: 00db0f92-0940-40cb-94ec-a8d81a149c9a(String), java(String)
2021-08-18 14:17:34.056 DEBUG 12351 --- [    Test worker] i.s.i.m.mapper.ArticleMapper.insertTag   : <==    Updates: 1
2021-08-18 14:17:34.056 DEBUG 12351 --- [    Test worker] i.s.i.m.m.A.insertArticleTagRelation     : ==>  Preparing: insert into article_tags (article_id, tag_id) values(?, ?)
2021-08-18 14:17:34.057 DEBUG 12351 --- [    Test worker] i.s.i.m.m.A.insertArticleTagRelation     : ==> Parameters: afc9e83e-3a80-4614-b89c-efd61d615f1b(String), 00db0f92-0940-40cb-94ec-a8d81a149c9a(String)
2021-08-18 14:17:34.057 DEBUG 12351 --- [    Test worker] i.s.i.m.m.A.insertArticleTagRelation     : <==    Updates: 1
2021-08-18 14:17:34.058 DEBUG 12351 --- [    Test worker] i.s.i.m.mapper.ArticleMapper.insert      : ==>  Preparing: insert into articles(id, slug, title, description, body, user_id, created_at, updated_at) values( ?, ?, ?, ?, ?, ?, ?, ?)
2021-08-18 14:17:34.058 DEBUG 12351 --- [    Test worker] i.s.i.m.mapper.ArticleMapper.insert      : ==> Parameters: afc9e83e-3a80-4614-b89c-efd61d615f1b(String), test(String), test(String), desc(String), body(String), 4a27bec7-5545-4672-8b09-a012d95700d5(String), 2021-08-18 14:17:34.042(Timestamp), 2021-08-18 14:17:34.042(Timestamp)
2021-08-18 14:17:34.059 DEBUG 12351 --- [    Test worker] i.s.i.m.mapper.ArticleMapper.insert      : <==    Updates: 1
2021-08-18 14:17:34.059 DEBUG 12351 --- [    Test worker] i.s.i.m.r.ArticleReadService.findById    : ==>  Preparing: select A.id articleId, A.slug articleSlug, A.title articleTitle, A.description articleDescription, A.body articleBody, A.created_at articleCreatedAt, A.updated_at articleUpdatedAt, T.name tagName, U.id userId, U.username userUsername, U.bio userBio, U.image userImage from articles A left join article_tags AT on A.id = AT.article_id left join tags T on T.id = AT.tag_id left join users U on U.id = A.user_id where A.id = ?
2021-08-18 14:17:34.064 DEBUG 12351 --- [    Test worker] i.s.i.m.r.ArticleReadService.findById    : ==> Parameters: afc9e83e-3a80-4614-b89c-efd61d615f1b(String)
2021-08-18 14:17:34.066 DEBUG 12351 --- [    Test worker] i.s.i.m.r.ArticleReadService.findById    : <==      Total: 2
2021-08-18 14:17:34.069  INFO 12351 --- [    Test worker] o.s.t.c.transaction.TransactionContext   : Rolled back transaction for test: [DefaultTestContext@4cf33b9a testClass = ArticleQueryServiceTest, testInstance = io.spring.application.article.ArticleQueryServiceTest@44fd53a8, testMethod = should_fetch_article_success@ArticleQueryServiceTest, testException = [null], mergedContextConfiguration = [MergedContextConfiguration@38a593a2 testClass = ArticleQueryServiceTest, locations = '{}', classes = '{class io.spring.RealworldApplication}', contextInitializerClasses = '[]', activeProfiles = '{test}', propertySourceLocations = '{}', propertySourceProperties = '{org.mybatis.spring.boot.test.autoconfigure.MybatisTestContextBootstrapper=true}', contextCustomizers = set[org.springframework.boot.test.autoconfigure.OverrideAutoConfigurationContextCustomizerFactory$DisableAutoConfigurationContextCustomizer@5cddefa3, org.springframework.boot.test.autoconfigure.actuate.metrics.MetricsExportContextCustomizerFactory$DisableMetricExportContextCustomizer@6d6d6a43, org.springframework.boot.test.autoconfigure.filter.TypeExcludeFiltersContextCustomizer@351584c0, org.springframework.boot.test.autoconfigure.properties.PropertyMappingContextCustomizer@99f60a7d, org.springframework.boot.test.autoconfigure.web.servlet.WebDriverContextCustomizerFactory$Customizer@36698e22, [ImportsContextCustomizer@48095826 key = [org.springframework.boot.test.autoconfigure.jdbc.TestDatabaseAutoConfiguration, org.springframework.boot.autoconfigure.jdbc.DataSourceAutoConfiguration, org.springframework.boot.autoconfigure.cache.CacheAutoConfiguration, org.springframework.boot.autoconfigure.flyway.FlywayAutoConfiguration, org.springframework.boot.autoconfigure.jdbc.DataSourceTransactionManagerAutoConfiguration, org.springframework.boot.autoconfigure.jdbc.JdbcTemplateAutoConfiguration, org.springframework.boot.autoconfigure.liquibase.LiquibaseAutoConfiguration, org.springframework.boot.autoconfigure.transaction.TransactionAutoConfiguration, org.mybatis.spring.boot.autoconfigure.MybatisLanguageDriverAutoConfiguration, org.mybatis.spring.boot.autoconfigure.MybatisAutoConfiguration, io.spring.application.ArticleQueryService, io.spring.infrastructure.repository.MyBatisUserRepository, io.spring.infrastructure.repository.MyBatisArticleRepository, io.spring.infrastructure.repository.MyBatisArticleFavoriteRepository]], org.springframework.boot.test.context.filter.ExcludeFilterContextCustomizer@5f9e60cd, org.springframework.boot.test.json.DuplicateJsonObjectContextCustomizerFactory$DuplicateJsonObjectContextCustomizer@4a39fd90, org.springframework.boot.test.mock.mockito.MockitoContextCustomizer@0, org.springframework.boot.test.context.SpringBootTestArgs@1, org.springframework.boot.test.context.SpringBootTestWebEnvironment@0], contextLoader = 'org.springframework.boot.test.context.SpringBootContextLoader', parent = [null]], attributes = map['org.springframework.test.context.event.ApplicationEventsTestExecutionListener.recordApplicationEvents' -> false]]
2021-08-18 14:17:34.076  INFO 12351 --- [    Test worker] o.s.t.c.transaction.TransactionContext   : Began transaction (1) for test context [DefaultTestContext@4cf33b9a testClass = ArticleQueryServiceTest, testInstance = io.spring.application.article.ArticleQueryServiceTest@52bda2a6, testMethod = should_get_default_article_list@ArticleQueryServiceTest, testException = [null], mergedContextConfiguration = [MergedContextConfiguration@38a593a2 testClass = ArticleQueryServiceTest, locations = '{}', classes = '{class io.spring.RealworldApplication}', contextInitializerClasses = '[]', activeProfiles = '{test}', propertySourceLocations = '{}', propertySourceProperties = '{org.mybatis.spring.boot.test.autoconfigure.MybatisTestContextBootstrapper=true}', contextCustomizers = set[org.springframework.boot.test.autoconfigure.OverrideAutoConfigurationContextCustomizerFactory$DisableAutoConfigurationContextCustomizer@5cddefa3, org.springframework.boot.test.autoconfigure.actuate.metrics.MetricsExportContextCustomizerFactory$DisableMetricExportContextCustomizer@6d6d6a43, org.springframework.boot.test.autoconfigure.filter.TypeExcludeFiltersContextCustomizer@351584c0, org.springframework.boot.test.autoconfigure.properties.PropertyMappingContextCustomizer@99f60a7d, org.springframework.boot.test.autoconfigure.web.servlet.WebDriverContextCustomizerFactory$Customizer@36698e22, [ImportsContextCustomizer@48095826 key = [org.springframework.boot.test.autoconfigure.jdbc.TestDatabaseAutoConfiguration, org.springframework.boot.autoconfigure.jdbc.DataSourceAutoConfiguration, org.springframework.boot.autoconfigure.cache.CacheAutoConfiguration, org.springframework.boot.autoconfigure.flyway.FlywayAutoConfiguration, org.springframework.boot.autoconfigure.jdbc.DataSourceTransactionManagerAutoConfiguration, org.springframework.boot.autoconfigure.jdbc.JdbcTemplateAutoConfiguration, org.springframework.boot.autoconfigure.liquibase.LiquibaseAutoConfiguration, org.springframework.boot.autoconfigure.transaction.TransactionAutoConfiguration, org.mybatis.spring.boot.autoconfigure.MybatisLanguageDriverAutoConfiguration, org.mybatis.spring.boot.autoconfigure.MybatisAutoConfiguration, io.spring.application.ArticleQueryService, io.spring.infrastructure.repository.MyBatisUserRepository, io.spring.infrastructure.repository.MyBatisArticleRepository, io.spring.infrastructure.repository.MyBatisArticleFavoriteRepository]], org.springframework.boot.test.context.filter.ExcludeFilterContextCustomizer@5f9e60cd, org.springframework.boot.test.json.DuplicateJsonObjectContextCustomizerFactory$DuplicateJsonObjectContextCustomizer@4a39fd90, org.springframework.boot.test.mock.mockito.MockitoContextCustomizer@0, org.springframework.boot.test.context.SpringBootTestArgs@1, org.springframework.boot.test.context.SpringBootTestWebEnvironment@0], contextLoader = 'org.springframework.boot.test.context.SpringBootContextLoader', parent = [null]], attributes = map['org.s
[...]
2021-08-18 14:17:34.283 DEBUG 12351 --- [    Test worker] i.s.i.m.r.A.findArticles                 : ==> Parameters: 5e90fb24-c7c4-49c6-8373-3bc0b82284e2(String)
2021-08-18 14:17:34.285 DEBUG 12351 --- [    Test worker] i.s.i.m.r.A.findArticles                 : <==      Total: 2
2021-08-18 14:17:34.287  INFO 12351 --- [    Test worker] o.s.t.c.transaction.TransactionContext   : Rolled back transaction for test: [DefaultTestContext@4cf33b9a testClass = ArticleQueryServiceTest, testInstance = io.spring.application.article.ArticleQueryServiceTest@6e0537f4, testMethod = should_query_article_by_favorite@ArticleQueryServiceTest, testException = [null], mergedContextConfiguration = [MergedContextConfiguration@38a593a2 testClass = ArticleQueryServiceTest, locations = '{}', classes = '{class io.spring.RealworldApplication}', contextInitializerClasses = '[]', activeProfiles = '{test}', propertySourceLocations = '{}', propertySourceProperties = '{org.mybatis.spring.boot.test.autoconfigure.MybatisTestContextBootstrapper=true}', contextCustomizers = set[org.springframework.boot.test.autoconfigure.OverrideAutoConfigurationContextCustomizerFactory$DisableAutoConfigurationContextCustomizer@5cddefa3, org.springframework.boot.test.autoconfigure.actuate.metrics.MetricsExportContextCustomizerFactory$DisableMetricExportContextCustomizer@6d6d6a43, org.springframework.boot.test.autoconfigure.filter.TypeExcludeFiltersContextCustomizer@351584c0, org.springframework.boot.test.autoconfigure.properties.PropertyMappingContextCustomizer@99f60a7d, org.springframework.boot.test.autoconfigure.web.servlet.WebDriverContextCustomizerFactory$Customizer@36698e22, [ImportsContextCustomizer@48095826 key = [org.springframework.boot.test.autoconfigure.jdbc.TestDatabaseAutoConfiguration, org.springframework.boot.autoconfigure.jdbc.DataSourceAutoConfiguration, org.springframework.boot.autoconfigure.cache.CacheAutoConfiguration, org.springframework.boot.autoconfigure.flyway.FlywayAutoConfiguration, org.springframework.boot.autoconfigure.jdbc.DataSourceTransactionManagerAutoConfiguration, org.springframework.boot.autoconfigure.jdbc.JdbcTemplateAutoConfiguration, org.springframework.boot.autoconfigure.liquibase.LiquibaseAutoConfiguration, org.springframework.boot.autoconfigure.transaction.TransactionAutoConfiguration, org.mybatis.spring.boot.autoconfigure.MybatisLanguageDriverAutoConfiguration, org.mybatis.spring.boot.autoconfigure.MybatisAutoConfiguration, io.spring.application.ArticleQueryService, io.spring.infrastructure.repository.MyBatisUserRepository, io.spring.infrastructure.repository.MyBatisArticleRepository, io.spring.infrastructure.repository.MyBatisArticleFavoriteRepository]], org.springframework.boot.test.context.filter.ExcludeFilterContextCustomizer@5f9e60cd, org.springframework.boot.test.json.DuplicateJsonObjectContextCustomizerFactory$DuplicateJsonObjectContextCustomizer@4a39fd90, org.springframework.boot.test.mock.mockito.MockitoContextCustomizer@0, org.springframework.boot.test.context.SpringBootTestArgs@1, org.springframework.boot.test.context.SpringBootTestWebEnvironment@0], contextLoader = 'org.springframework.boot.test.context.SpringBootContextLoader', parent = [null]], attributes = map['org.springframework.test.context.event.ApplicationEventsTestExecutionListener.recordApplicationEvents' -> false]]
2021-08-18 14:17:34.292  INFO 12351 --- [    Test worker] o.s.t.c.transaction.TransactionContext   : Began transaction (1) for test context [DefaultTestContext@4cf33b9a testClass = ArticleQueryServiceTest, testInstance = io.spring.application.article.ArticleQueryServiceTest@71d7557, testMethod = should_get_default_article_list_by_cursor@ArticleQueryServiceTest, testException = [null], mergedContextConfiguration = [MergedContextConfiguration@38a593a2 testClass = ArticleQueryServiceTest, locations = '{}', classes = '{class io.spring.RealworldApplication}', contextInitializerClasses = '[]', activeProfiles = '{test}', propertySourceLocations = '{}', propertySourceProperties = '{org.mybatis.spring.boot.test.autoconfigure.MybatisTestContextBootstrapper=true}', contextCustomizers = set[org.springframework.boot.test.autoconfigure.OverrideAutoConfigurationContextCustomizerFactory$DisableAutoConfigurationContextCustomizer@5cddefa3, org.springframework.boot.test.autoconfigure.actuate.metrics.MetricsExportContextCustomizerFactory$DisableMetricExportContextCustomizer@6d6d6a43, org.springframework.boot.test.autoconfigure.filter.TypeExcludeFiltersContextCustomizer@351584c0, org.springframework.boot.test.autoconfigure.properties.PropertyMappingContextCustomizer@99f60a7d, org.springframework.boot.test.autoconfigure.web.servlet.WebDriverContextCustomizerFactory$Customizer@36698e22, [ImportsContextCustomizer@48095826 key = [org.springframework.boot.test.autoconfigure.jdbc.TestDatabaseAutoConfiguration, org.springframework.boot.autoconfigure.jdbc.DataSourceAutoConfiguration, org.springframework.boot.autoconfigure.cache.CacheAutoConfiguration, org.springframework.boot.autoconfigure.flyway.FlywayAutoConfiguration, org.springframework.boot.autoconfigure.jdbc.DataSourceTransactionManagerAutoConfiguration, org.springframework.boot.autoconfigure.jdbc.JdbcTemplateAutoConfiguration, org.springframework.boot.autoconfigure.liquibase.LiquibaseAutoConfiguration, org.springframework.boot.autoconfigure.transaction.TransactionAutoConfiguration, org.mybatis.spring.boot.autoconfigure.MybatisLanguageDriverAutoConfiguration, org.mybatis.spring.boot.autoconfigure.MybatisAutoConfiguration, io.spring.application.ArticleQueryService, io.spring.infrastructure.repository.MyBatisUserRepository, io.spring.infrastructure.repository.MyBatisArticleRepository, io.spring.infrastructure.repository.MyBatisArticleFavoriteRepository]], org.springframework.boot.test.context.filter.ExcludeFilterContextCustomizer@5f9e60cd, org.springframework.boot.test.json.DuplicateJsonObjectContextCustomizerFactory$DuplicateJsonObjectContextCustomizer@4a39fd90, org.springframework.boot.test.mock.mockito.MockitoContextCustomizer@0, org.springframework.boot.test.context.SpringBootTestArgs@1, org.springframework.boot.test.context.SpringBootTestWebEnvironment@0], contextLoader = 'org.springframework.boot.test.context.SpringBootContextLoader', parent = [null]], attributes = map['org.springframework.test.context.event.ApplicationEventsTestExecutionListener.recordApplicationEvents' -> false]]; transaction manager [org.springframework.jdbc.support.JdbcTransactionManager@edadbe2]; rollback [true]
2021-08-18 14:17:34.293 DEBUG 12351 --- [    Test worker] i.s.i.m.mapper.UserMapper.findById       : ==>  Preparing: select id, username, email, password, bio, image from users where id = ?
2021-08-18 14:17:34.293 DEBUG 12351 --- [    Test worker] i.s.i.m.mapper.UserMapper.findById       : ==> Parameters: dfc19836-d90b-4d6d-9f03-3b5a3ca2858a(String)
2021-08-18 14:17:34.294 DEBUG 12351 --- [    Test worker] i.s.i.mybatis.mapper.UserMapper.insert   : ==>  Preparing: insert into users (id, username, email, password, bio, image) values( ?, ?, ?, ?, ?, ? )
2021-08-18 14:17:34.294 DEBUG 12351 --- [    Test worker] i.s.i.mybatis.mapper.UserMapper.insert   : ==> Parameters: dfc19836-d90b-4d6d-9f03-3b5a3ca2858a(String), aisensiy(String), aisensiy@gmail.com(String), 123(String), (String), (String)
2021-08-18 14:17:34.294 DEBUG 12351 --- [    Test worker] i.s.i.mybatis.mapper.UserMapper.insert   : <==    Updates: 1
2021-08-18 14:17:34.295 DEBUG 12351 --- [    Test worker] i.s.i.m.mapper.ArticleMapper.findById    : ==>  Preparing: select A.id articleId, A.slug articleSlug, A.title articleTitle, A.description articleDescription, A.body articleBody, A.user_id articleUserId, A.created_at articleCreatedAt, A.updated_at articleUpdatedAt, T.id tagId, T.name tagName from articles A left join article_tags AT on A.id = AT.article_id left join tags T on T.id = AT.tag_id where A.id = ?
2021-08-18 14:17:34.295 DEBUG 12351 --- [    Test worker] i.s.i.m.mapper.ArticleMapper.findById    : ==> Parameters: 26fe8171-0525-459f-9c22-c4a5649ac439(String)
2021-08-18 14:17:34.295 DEBUG 12351 --- [    Test worker] i.s.i.m.mapper.ArticleMapper.findTag     : ==>  Preparing: select id, name from tags where name = ?
2021-08-18 14:17:34.296 DEBUG 12351 --- [    Test worker] i.s.i.m.mapper.ArticleMapper.findTag     : ==> Parameters: spring(String)
2021-08-18 14:17:34.297 DEBUG 12351 --- [    Test worker] i.s.i.m.mapper.ArticleMapper.insertTag   : ==>  Preparing: insert into tags (id, name) values (?, ?)
2021-08-18 14:17:34.298 DEBUG 12351 --- [    Test worker] i.s.i.m.mapper.ArticleMapper.insertTag   : ==> Parameters: 80149855-de86-4b6e-bb02-00f33b167af7(String), spring(String)
2021-08-18 14:17:34.298 DEBUG 12351 --- [    Test worker] i.s.i.m.mapper.ArticleMapper.insertTag   : <==    Updates: 1
2021-08-18 14:17:34.298 DEBUG 12351 --- [    Test worker] i.s.i.m.m.A.insertArticleTagRelation     : ==>  Preparing: insert into article_tags (article_id, tag_id) values(?, ?)
2021-08-18 14:17:34.299 DEBUG 12351 --- [    Test worker] i.s.i.m.m.A.insertArticleTagRelation     : ==> Parameters: 26fe8171-0525-459f-9c22-c4a5649ac439(String), 80149855-de86-4b6e-bb02-00f33b167af7(String)
2021-08-18 14:17:34.308 DEBUG 12351 --- [    Test worker] i.s.i.m.m.A.insertArticleTagRelation     : <==    Updates: 1
2021-08-18 14:17:34.309 DEBUG 12351 --- [    Test worker] i.s.i.m.mapper.ArticleMapper.findTag     : ==>  Preparing: select id, name from tags where name = ?
2021-08-18 14:17:34.313 DEBUG 12351 --- [    Test worker] i.s.i.m.mapper.ArticleMapper.findTag     : ==> Parameters: java(String)
2021-08-18 14:17:34.314 DEBUG 12351 --- [    Test worker] i.s.i.m.mapper.ArticleMapper.insertTag   : ==>  Preparing: insert into tags (id, name) values (?, ?)
2021-08-18 14:17:34.315 DEBUG 12351 --- [    Test worker] i.s.i.m.mapper.ArticleMapper.insertTag   : ==> Parameters: 24fe5f11-c9cc-4a17-a36a-d5c4f8e1ef86(String), java(String)
2021-08-18 14:17:34.315 DEBUG 12351 --- [    Test worker] i.s.i.m.mapper.ArticleMapper.insertTag   : <==    Updates: 1
2021-08-18 14:17:34.316 DEBUG 12351 --- [    Test worker] i.s.i.m.m.A.insertArticleTagRelation     : ==>  Preparing: insert into article_tags (article_id, tag_id) values(?, ?)
2021-08-18 14:17:34.317 DEBUG 12351 --- [    Test worker] i.s.i.m.m.A.insertArticleTagRelation     : ==> Parameters: 26fe8171-0525-459f-9c22-c4a5649ac439(String), 24fe5f11-c9cc-4a17-a36a-d5c4f8e1ef86(String)
2021-08-18 14:17:34.317 DEBUG 12351 --- [    Test worker] i.s.i.m.m.A.insertArticleTagRelation     : <==    Updates: 1
2021-08-18 14:17:34.318 DEBUG 12351 --- [    Test worker] i.s.i.m.mapper.ArticleMapper.insert      : ==>  Preparing: insert into articles(id, slug, title, description, body, user_id, created_at, updated_at) values( ?, ?, ?, ?, ?, ?, ?, ?)
2021-08-18 14:17:34.320 DEBUG 12351 --- [    Test worker] i.s.i.m.mapper.ArticleMapper.insert      : ==> Parameters: 26fe8171-0525-459f-9c22-c4a5649ac439(String), test(String), test(String), desc(String), body(String), dfc19836-d90b-4d6d-9f03-3b5a3ca2858a(String), 2021-08-18 14:17:34.294(Timestamp), 2021-08-18 14:17:34.294(Timestamp)
2021-08-18 14:17:34.321 DEBUG 12351 --- [    Test worker] i.s.i.m.mapper.ArticleMapper.insert      : <==    Updates: 1
2021-08-18 14:17:34.323 DEBUG 12351 --- [    Test worker] i.s.i.m.mapper.ArticleMapper.findById    : ==>  Preparing: select A.id articleId, A.slug articleSlug, A.title articleTitle, A.description articleDescription, A.body articleBody, A.user_id articleUserId, A.created_at articleCreatedAt, A.updated_at articleUpdatedAt, T.id tagId, T.name tagName from articles A left join article_tags AT on A.id = AT.article_id left join tags T on T.id = AT.tag_id where A.id = ?
2021-08-18 14:17:34.325 DEBUG 12351 --- [    Test worker] i.s.i.m.mapper.ArticleMapper.findById    : ==> Parameters: a0ceb5b7-a081-4274-bc79-efeb87e9f02f(String)
2021-08-18 14:17:34.325 DEBUG 12351 --- [    Test worker] i.s.i.m.mapper.ArticleMapper.findTag     : ==>  Preparing: select id, name from tags where name = ?
2021-08-18 14:17:34.326 DEBUG 12351 --- [    Test worker] i.s.i.m.mapper.ArticleMapper.findTag     : ==> Parameters: test(String)
2021-08-18 14:17:34.326 DEBUG 12351 --- [    Test worker] i.s.i.m.mapper.ArticleMapper.insertTag   : ==>  Preparing: insert into tags (id, name) values (?, ?)
2021-08-18 14:17:34.327 DEBUG 12351 --- [    Test worker] i.s.i.m.mapper.ArticleMapper.insertTag   : ==> Parameters: 692d97b8-db75-4500-8507-361a13bf57de(String), test(String)
2021-08-18 14:17:34.327 DEBUG 12351 --- [    Test worker] i.s.i.m.mapper.ArticleMapper.insertTag   : <==    Updates: 1
2021-08-18 14:17:34.327 DEBUG 12351 --- [    Test worker] i.s.i.m.m.A.insertArticleTagRelation     : ==>  Preparing: insert into article_tags (article_id, tag_id) values(?, ?)
2021-08-18 14:17:34.327 DEBUG 12351 --- [    Test worker] i.s.i.m.m.A.insertArticleTagRelation     : ==> Parameters: a0ceb5b7-a081-4274-bc79-efeb87e9f02f(String), 692d97b8-db75-4500-8507-361a13bf57de(String)
2021-08-18 14:17:34.328 DEBUG 12351 --- [    Test worker] i.s.i.m.m.A.insertArticleTagRelation     : <==    Updates: 1
2021-08-18 14:17:34.328 DEBUG 12351 --- [    Test worker] i.s.i.m.mapper.ArticleMapper.insert      : ==>  Preparing: insert into articles(id, slug, title, description, body, user_id, created_at, updated_at) values( ?, ?, ?, ?, ?, ?, ?, ?)
2021-08-18 14:17:34.328 DEBUG 12351 --- [    Test worker] i.s.i.m.mapper.ArticleMapper.insert      : ==> Parameters: a0ceb5b7-a081-4274-bc79-efeb87e9f02f(String), new-article(String), new article(String), desc(String), body(String), dfc19836-d90b-4d6d-9f03-3b5a3ca2858a(String), 2021-08-18 13:17:34.322(Timestamp), 2021-08-18 13:17:34.322(Timestamp)
2021-08-18 14:17:34.328 DEBUG 12351 --- [    Test worker] i.s.i.m.mapper.ArticleMapper.insert      : <==    Updates: 1
2021-08-18 14:17:34.364 DEBUG 12351 --- [    Test worker] i.s.i.m.r.A.findArticlesWithCursor       : ==>  Preparing: select DISTINCT(A.id) articleId, A.created_at from articles A left join article_tags AT on A.id = AT.article_id left join tags T on T.id = AT.tag_id left join article_favorites AF on AF.article_id = A.id left join users AU on AU.id = A.user_id left join users AFU on AFU.id = AF.user_id order by A.created_at desc limit ?
2021-08-18 14:17:34.365 DEBUG 12351 --- [    Test worker] i.s.i.m.r.A.findArticlesWithCursor       : ==> Parameters: 21(Integer)
2021-08-18 14:17:34.366 DEBUG 12351 --- [    Test worker] i.s.i.m.r.A.findArticlesWithCursor       : <==      Total: 2
2021-08-18 14:17:34.368 DEBUG 12351 --- [    Test worker] i.s.i.m.r.A.findArticles                 : ==>  Preparing: select A.id articleId, A.slug articleSlug, A.title articleTitle, A.description articleDescription, A.body articleBody, A.created_at articleCreatedAt, A.updated_at articleUpdatedAt, T.name tagName, U.id userId, U.username userUsername, U.bio userBio, U.image userImage from articles A left join article_tags AT on A.id = AT.article_id left join tags T on T.id = AT.tag_id left join users U on U.id = A.user_id where A.id in ( ? , ? ) order by A.created_at desc
2021-08-18 14:17:34.369 DEBUG 12351 --- [    Test worker] i.s.i.m.r.A.findArticles                 : ==> Parameters: 26fe8171-0525-459f-9c22-c4a5649ac439(String), a0ceb5b7-a081-4274-bc79-efeb87e9f02f(String)
2021-08-18 14:17:34.382 DEBUG 12351 --- [    Test worker] i.s.i.m.r.A.findArticles                 : <==      Total: 3
2021-08-18 14:17:34.385 DEBUG 12351 --- [    Test worker] i.s.i.m.r.A.findArticlesWithCursor       : ==>  Preparing: select DISTINCT(A.id) articleId, A.created_at from articles A left join article_tags AT on A.id = AT.article_id left join tags T on T.id = AT.tag_id left join article_favorites AF on AF.article_id = A.id left join users AU on AU.id = A.user_id left join users AFU on AFU.id = AF.user_id WHERE A.created_at < ? order by A.created_at desc limit ?
2021-08-18 14:17:34.386 DEBUG 12351 --- [    Test worker] i.s.i.m.r.A.findArticlesWithCursor       : ==> Parameters: 2021-08-18 13:17:34.322(Timestamp), 21(Integer)
2021-08-18 14:17:34.389 DEBUG 12351 --- [    Test worker] i.s.i.m.r.A.findArticlesWithCursor       : ==>  Preparing: select DISTINCT(A.id) articleId, A.created_at from articles A left join article_tags AT on A.id = AT.article_id left join tags T on T.id = AT.tag_id left join article_favorites AF on AF.article_id = A.id left join users AU on AU.id = A.user_id left join users AFU on AFU.id = AF.user_id order by A.created_at asc limit ?
2021-08-18 14:17:34.389 DEBUG 12351 --- [    Test worker] i.s.i.m.r.A.findArticlesWithCursor       : ==> Parameters: 21(Integer)
2021-08-18 14:17:34.390 DEBUG 12351 --- [    Test worker] i.s.i.m.r.A.findArticlesWithCursor       : <==      Total: 2
2021-08-18 14:17:34.394  INFO 12351 --- [    Test worker] o.s.t.c.transaction.TransactionContext   : Rolled back transaction for test: [DefaultTestContext@4cf33b9a testClass = ArticleQueryServiceTest, testInstance = io.spring.application.article.ArticleQueryServiceTest@71d7557, testMethod = should_get_default_article_list_by_cursor@ArticleQueryServiceTest, testException = [null], mergedContextConfiguration = [MergedContextConfiguration@38a593a2 testClass = ArticleQueryServiceTest, locations = '{}', classes = '{class io.spring.RealworldApplication}', contextInitializerClasses = '[]', activeProfiles = '{test}', propertySourceLocations = '{}', propertySourceProperties = '{org.mybatis.spring.boot.test.autoconfigure.MybatisTestContextBootstrapper=true}', contextCustomizers = set[org.springframework.boot.test.autoconfigure.OverrideAutoConfigurationContextCustomizerFactory$DisableAutoConfigurationContextCustomizer@5cddefa3, org.springframework.boot.test.autoconfigure.actuate.metrics.MetricsExportContextCustomizerFactory$DisableMetricExportContextCustomizer@6d6d6a43, org.springframework.boot.test.autoconfigure.filter.TypeExcludeFiltersContextCustomizer@351584c0, org.springframework.boot.test.autoconfigure.properties.PropertyMappingContextCustomizer@99f60a7d, org.springframework.boot.test.autoconfigure.web.servlet.WebDriverContextCustomizerFactory$Customizer@36698e22, [ImportsContextCustomizer@48095826 key = [org.springframework.boot.test.autoconfigure.jdbc.TestDatabaseAutoConfiguration, org.springframework.boot.autoconfigure.jdbc.DataSourceAutoConfiguration, org.springframework.boot.autoconfigure.cache.CacheAutoConfiguration, org.springframework.boot.autoconfigure.flyway.FlywayAutoConfiguration, org.springframework.boot.autoconfigure.jdbc.DataSourceTransactionManagerAutoConfiguration, org.springframework.boot.autoconfigure.jdbc.JdbcTemplateAutoConfiguration, org.springframework.boot.autoconfigure.liquibase.LiquibaseAutoConfiguration, org.springframework.boot.autoconfigure.transaction.TransactionAutoConfiguration, org.mybatis.spring.boot.autoconfigure.MybatisLanguageDriverAutoConfiguration, org.mybatis.spring.boot.autoconfigure.MybatisAutoConfiguration, io.spring.application.ArticleQueryService, io.spring.infrastructure.repository.MyBatisUserRepository, io.spring.infrastructure.repository.MyBatisArticleRepository, io.spring.infrastructure.repository.MyBatisArticleFavoriteRepository]], org.springframework.boot.test.context.filter.ExcludeFilterContextCustomizer@5f9e60cd, org.springframework.boot.test.json.DuplicateJsonObjectContextCustomizerFactory$DuplicateJsonObjectContextCustomizer@4a39fd90, org.springframework.boot.test.mock.mockito.MockitoContextCustomizer@0, org.springframework.boot.test.context.SpringBootTestArgs@1, org.springframework.boot.test.context.SpringBootTestWebEnvironment@0], contextLoader = 'org.springframework.boot.test.context.SpringBootContextLoader', parent = [null]], attributes = map['org.springframework.test.context.event.ApplicationEventsTestExecutionListener.recordApplicationEvents' -> false]]
]]></system-out>
  <system-err><![CDATA[]]></system-err>
</testsuite>
